총 1135개 한자 처리 시작...

[1/1135] 結 처리 중... (한글 뜻: 넥타이)
  ✓ 완료
[2/1135] 張 처리 중... (한글 뜻: 길게 하다)
  ✓ 완료
[3/1135] 保 처리 중... (한글 뜻: 보호하다)
  ✓ 완료
[4/1135] 撃 처리 중... (한글 뜻: 이기다)
  ✓ 완료
[5/1135] 証 처리 중... (한글 뜻: 증거)
  ✓ 완료
[6/1135] 士 처리 중... (한글 뜻: 신사)
  ✓ 완료
[7/1135] 第 처리 중... (한글 뜻: 아니요.)
  ✓ 완료
[8/1135] 郎 처리 중... (한글 뜻: 아들)
  ✓ 완료
[9/1135] 応 처리 중... (한글 뜻: 적용하다)
  ✓ 완료
[10/1135] 護 처리 중... (한글 뜻: 보호하다)
  ✓ 완료
[11/1135] 離 처리 중... (한글 뜻: 분리하다)
  ✓ 완료
[12/1135] 藤 처리 중... (한글 뜻: 등나무)
  ✓ 완료
[13/1135] 態 처리 중... (한글 뜻: 태도)
  ✓ 완료
[14/1135] 検 처리 중... (한글 뜻: 시험)
  ✓ 완료
[15/1135] 井 처리 중... (한글 뜻: 잘)
  ✓ 완료
[16/1135] 我 처리 중... (한글 뜻: 에고)
  ✓ 완료
[17/1135] 視 처리 중... (한글 뜻: 검사)
  ✓ 완료
[18/1135] 隊 처리 중... (한글 뜻: 연대)
  ✓ 완료
[19/1135] 義 처리 중... (한글 뜻: 의로움)
  ✓ 완료
[20/1135] 統 처리 중... (한글 뜻: 전반적으로)
  ✓ 완료
[21/1135] 案 처리 중... (한글 뜻: 계획)
  ✓ 완료
[22/1135] 器 처리 중... (한글 뜻: 기구)
  ✓ 완료
[23/1135] 僕 처리 중... (한글 뜻: 나)
  ✓ 완료
[24/1135] 影 처리 중... (한글 뜻: 그림자)
  ✓ 완료
[25/1135] 独 처리 중... (한글 뜻: 단일)
  ✓ 완료
[26/1135] 派 처리 중... (한글 뜻: 파벌)
  ✓ 완료
[27/1135] 氏 처리 중... (한글 뜻: 성씨)
  ✓ 완료
[28/1135] 監 처리 중... (한글 뜻: 감독하다)
  ✓ 완료
[29/1135] 攻 처리 중... (한글 뜻: 공격성)
  ✓ 완료
[30/1135] 宮 처리 중... (한글 뜻: 신사)
  ✓ 완료
[31/1135] 佐 처리 중... (한글 뜻: 조수)
  ✓ 완료
[32/1135] 姿 처리 중... (한글 뜻: 모양)
  ✓ 완료
[33/1135] 傷 처리 중... (한글 뜻: 상처)
  ✓ 완료
[34/1135] 素 처리 중... (한글 뜻: 초등학교의)
  ✓ 완료
[35/1135] 救 처리 중... (한글 뜻: 구원)
  ✓ 완료
[36/1135] 価 처리 중... (한글 뜻: 가치)
  ✓ 완료
[37/1135] 松 처리 중... (한글 뜻: 소나무)
  ✓ 완료
[38/1135] 壊 처리 중... (한글 뜻: 철거)
  ✓ 완료
[39/1135] 弁 처리 중... (한글 뜻: 밸브)
  ✓ 완료
[40/1135] 援 처리 중... (한글 뜻: 교사하다)
  ✓ 완료
[41/1135] 貴 처리 중... (한글 뜻: 귀중한)
  ✓ 완료
[42/1135] 崎 처리 중... (한글 뜻: 곶)
  ✓ 완료
[43/1135] 基 처리 중... (한글 뜻: 기초)
  ✓ 완료
[44/1135] 故 처리 중... (한글 뜻: 우연)
  ✓ 완료
[45/1135] 刑 처리 중... (한글 뜻: 처벌하다)
  ✓ 완료
[46/1135] 嫌 처리 중... (한글 뜻: 싫어하다)
  ✓ 완료
[47/1135] 密 처리 중... (한글 뜻: 비밀)
  ✓ 완료
[48/1135] 裁 처리 중... (한글 뜻: 재단사)
  ✓ 완료
[49/1135] 謝 처리 중... (한글 뜻: 사과하다)
  ✓ 완료
[50/1135] 提 처리 중... (한글 뜻: 제안하다)
  ✓ 완료
[51/1135] 衛 처리 중... (한글 뜻: 방어)
  ✓ 완료
[52/1135] 秘 처리 중... (한글 뜻: 비밀)
  ✓ 완료
[53/1135] 雄 처리 중... (한글 뜻: 남성적인)
  ✓ 완료
[54/1135] 隠 처리 중... (한글 뜻: 감추다)
  ✓ 완료
[55/1135] 異 처리 중... (한글 뜻: 드문)
  ✓ 완료
[56/1135] 銃 처리 중... (한글 뜻: 총)
  ✓ 완료
[57/1135] 興 처리 중... (한글 뜻: 즐기다)
  ✓ 완료
[58/1135] 条 처리 중... (한글 뜻: 기사)
  ✓ 완료
[59/1135] 修 처리 중... (한글 뜻: 훈육)
  ✓ 완료
[60/1135] 振 처리 중... (한글 뜻: 흔들다)
  ✓ 완료
[61/1135] 審 처리 중... (한글 뜻: 청문회)
  ✓ 완료
[62/1135] 脱 처리 중... (한글 뜻: 옷을 벗다)
  ✓ 완료
[63/1135] 司 처리 중... (한글 뜻: 감독)
  ✓ 완료
[64/1135] 沢 처리 중... (한글 뜻: 늪)
  ✓ 완료
[65/1135] 魔 처리 중... (한글 뜻: 마녀)
  ✓ 완료
[66/1135] 従 처리 중... (한글 뜻: 동반하다)
  ✓ 완료
[67/1135] 激 처리 중... (한글 뜻: 폭력적인)
  ✓ 완료
[68/1135] 敵 처리 중... (한글 뜻: 적)
  ✓ 완료
[69/1135] 弾 처리 중... (한글 뜻: 총알)
  ✓ 완료
[70/1135] 響 처리 중... (한글 뜻: 메아리)
  ✓ 완료
[71/1135] 頑 처리 중... (한글 뜻: 고집 센)
  ✓ 완료
[72/1135] 闘 처리 중... (한글 뜻: 싸우다)
  ✓ 완료
[73/1135] 撮 처리 중... (한글 뜻: 스냅샷)
  ✓ 완료
[74/1135] 授 처리 중... (한글 뜻: 전하다)
  ✓ 완료
[75/1135] 遺 처리 중... (한글 뜻: 유증하다)
  ✓ 완료
[76/1135] 策 처리 중... (한글 뜻: 계획)
  ✓ 완료
[77/1135] 拠 처리 중... (한글 뜻: 발판)
  ✓ 완료
[78/1135] 功 처리 중... (한글 뜻: 성취)
  ✓ 완료
[79/1135] 吉 처리 중... (한글 뜻: 행운을 빌어요)
  ✓ 완료
[80/1135] 奈 처리 중... (한글 뜻: 나라)
  ✓ 완료
[81/1135] 驚 처리 중... (한글 뜻: 궁금하다)
  ✓ 완료
[82/1135] 整 처리 중... (한글 뜻: 조직하다)
  ✓ 완료
[83/1135] 製 처리 중... (한글 뜻: 에서 만든...)
  ✓ 완료
[84/1135] 織 처리 중... (한글 뜻: 짜다)
  ✓ 완료
[85/1135] 訴 처리 중... (한글 뜻: 비난)
  ✓ 완료
[86/1135] 街 처리 중... (한글 뜻: 대로)
  ✓ 완료
[87/1135] 緊 처리 중... (한글 뜻: 시제)
  ✓ 완료
[88/1135] 惑 처리 중... (한글 뜻: 현혹하다)
  ✓ 완료
[89/1135] 誘 처리 중... (한글 뜻: 유혹하다)
  ✓ 완료
[90/1135] 聖 처리 중... (한글 뜻: 신성한)
  ✓ 완료
[91/1135] 悟 처리 중... (한글 뜻: 계몽)
  ✓ 완료
[92/1135] 評 처리 중... (한글 뜻: 평가하다)
  ✓ 완료
[93/1135] 黙 처리 중... (한글 뜻: 침묵)
  ✓ 완료
[94/1135] 率 처리 중... (한글 뜻: 비율)
  ✓ 완료
[95/1135] 泣 처리 중... (한글 뜻: 울다)
  ✓ 완료
[96/1135] 督 처리 중... (한글 뜻: 코치)
  ✓ 완료
[97/1135] 奪 처리 중... (한글 뜻: 강탈하다)
  ✓ 완료
[98/1135] 志 처리 중... (한글 뜻: 의도)
  ✓ 완료
[99/1135] 健 처리 중... (한글 뜻: 건강한)
  ✓ 완료
[100/1135] 挙 처리 중... (한글 뜻: 올리다)
  ✓ 완료
[101/1135] 射 처리 중... (한글 뜻: 쏘다)
  ✓ 완료
[102/1135] 携 처리 중... (한글 뜻: 휴대용)
  ✓ 완료
[103/1135] 避 처리 중... (한글 뜻: 피하다)
  ✓ 완료
[104/1135] 宙 처리 중... (한글 뜻: 공중)
  ✓ 완료
[105/1135] 厳 처리 중... (한글 뜻: 엄격한)
  ✓ 완료
[106/1135] 博 처리 중... (한글 뜻: 박사)
  ✓ 완료
[107/1135] 幕 처리 중... (한글 뜻: 커튼)
  ✓ 완료
[108/1135] 施 처리 중... (한글 뜻: 주다)
  ✓ 완료
[109/1135] 企 처리 중... (한글 뜻: 착수하다)
  ✓ 완료
[110/1135] 逮 처리 중... (한글 뜻: 체포하다)
  ✓ 완료
[111/1135] 訳 처리 중... (한글 뜻: 번역하다)
  ✓ 완료
[112/1135] 江 처리 중... (한글 뜻: 개울)
  ✓ 완료
[113/1135] 抗 처리 중... (한글 뜻: 직면하다)
  ✓ 완료
[114/1135] 展 처리 중... (한글 뜻: 펼치다)
  ✓ 완료
[115/1135] 聴 처리 중... (한글 뜻: 듣다)
  ✓ 완료
[116/1135] 級 처리 중... (한글 뜻: 수업)
  ✓ 완료
[117/1135] 尾 처리 중... (한글 뜻: 꼬리)
  ✓ 완료
[118/1135] 標 처리 중... (한글 뜻: 이정표)
  ✓ 완료
[119/1135] 奴 처리 중... (한글 뜻: 사람)
  ✓ 완료
[120/1135] 継 처리 중... (한글 뜻: 상속하다)
  ✓ 완료
[121/1135] 剣 처리 중... (한글 뜻: 사브르)
  ✓ 완료
[122/1135] 障 처리 중... (한글 뜻: 방해하다)
  ✓ 완료
[123/1135] 皇 처리 중... (한글 뜻: 황제)
  ✓ 완료
[124/1135] 票 처리 중... (한글 뜻: 투표용지)
  ✓ 완료
[125/1135] 騒 처리 중... (한글 뜻: 활기찬)
  ✓ 완료
[126/1135] 善 처리 중... (한글 뜻: 덕이 있는)
  ✓ 완료
[127/1135] 盛 처리 중... (한글 뜻: 붐)
  ✓ 완료
[128/1135] 描 처리 중... (한글 뜻: 스케치)
  ✓ 완료
[129/1135] 麻 처리 중... (한글 뜻: 대마)
  ✓ 완료
[130/1135] 筋 처리 중... (한글 뜻: 근육)
  ✓ 완료
[131/1135] 襲 처리 중... (한글 뜻: 공격)
  ✓ 완료
[132/1135] 系 처리 중... (한글 뜻: 계보)
  ✓ 완료
[133/1135] 恵 처리 중... (한글 뜻: 호의)
  ✓ 완료
[134/1135] 鈴 처리 중... (한글 뜻: 작은 종)
  ✓ 완료
[135/1135] 樹 처리 중... (한글 뜻: 목재)
  ✓ 완료
[136/1135] 操 처리 중... (한글 뜻: 조작)
  ✓ 완료
[137/1135] 壁 처리 중... (한글 뜻: 벽)
  ✓ 완료
[138/1135] 鮮 처리 중... (한글 뜻: 신선한)
  ✓ 완료
[139/1135] 創 처리 중... (한글 뜻: 창세기)
  ✓ 완료
[140/1135] 矢 처리 중... (한글 뜻: 다트)
  ✓ 완료
[141/1135] 紀 처리 중... (한글 뜻: 연대기)
  ✓ 완료
[142/1135] 染 처리 중... (한글 뜻: 염료)
  ✓ 완료
[143/1135] 邪 처리 중... (한글 뜻: 사악한)
  ✓ 완료
[144/1135] 誕 처리 중... (한글 뜻: 탄생)
  ✓ 완료
[145/1135] 輩 처리 중... (한글 뜻: 동지)
  ✓ 완료
[146/1135] 歓 처리 중... (한글 뜻: 기쁨)
  ✓ 완료
[147/1135] 踏 처리 중... (한글 뜻: 단계)
  ✓ 완료
[148/1135] 瞬 처리 중... (한글 뜻: 윙크)
  ✓ 완료
[149/1135] 症 처리 중... (한글 뜻: 증상)
  ✓ 완료
[150/1135] 挑 처리 중... (한글 뜻: 도전)
  ✓ 완료
[151/1135] 竜 처리 중... (한글 뜻: 용)
  ✓ 완료
[152/1135] 浜 처리 중... (한글 뜻: 해안)
  ✓ 완료
[153/1135] 迫 처리 중... (한글 뜻: 촉구하다)
  ✓ 완료
[154/1135] 環 처리 중... (한글 뜻: 반지)
  ✓ 완료
[155/1135] 滅 처리 중... (한글 뜻: 파괴하다)
  ✓ 완료
[156/1135] 儀 처리 중... (한글 뜻: 의식)
  ✓ 완료
[157/1135] 養 처리 중... (한글 뜻: 조성하다)
  ✓ 완료
[158/1135] 源 처리 중... (한글 뜻: 출처)
  ✓ 완료
[159/1135] 納 처리 중... (한글 뜻: 합의)
  ✓ 완료
[160/1135] 端 처리 중... (한글 뜻: 가장자리)
  ✓ 완료
[161/1135] 艦 처리 중... (한글 뜻: 전함)
  ✓ 완료
[162/1135] 渉 처리 중... (한글 뜻: 포드)
  ✓ 완료
[163/1135] 妙 처리 중... (한글 뜻: 정교한)
  ✓ 완료
[164/1135] 霊 처리 중... (한글 뜻: 영혼들)
  ✓ 완료
[165/1135] 契 처리 중... (한글 뜻: 서약)
  ✓ 완료
[166/1135] 請 처리 중... (한글 뜻: 간청하다)
  ✓ 완료
[167/1135] 怪 처리 중... (한글 뜻: 의심스러운)
  ✓ 완료
[168/1135] 為 처리 중... (한글 뜻: 하다)
  ✓ 완료
[169/1135] 殴 처리 중... (한글 뜻: 공격)
  ✓ 완료
[170/1135] 懸 처리 중... (한글 뜻: 정지 상태)
  ✓ 완료
[171/1135] 推 처리 중... (한글 뜻: 추측)
  ✓ 완료
[172/1135] 診 처리 중... (한글 뜻: 검진)
  ✓ 완료
[173/1135] 脅 처리 중... (한글 뜻: 위협하다)
  ✓ 완료
[174/1135] 模 처리 중... (한글 뜻: 모방)
  ✓ 완료
[175/1135] 遣 처리 중... (한글 뜻: 파견하다)
  ✓ 완료
[176/1135] 及 처리 중... (한글 뜻: 연락하다)
  ✓ 완료
[177/1135] 討 처리 중... (한글 뜻: 징계하다)
  ✓ 완료
[178/1135] 握 처리 중... (한글 뜻: 그립)
  ✓ 완료
[179/1135] 隣 처리 중... (한글 뜻: 인접한)
  ✓ 완료
[180/1135] 康 처리 중... (한글 뜻: 완화하다)
  ✓ 완료
[181/1135] 載 처리 중... (한글 뜻: 타다)
  ✓ 완료
[182/1135] 憶 처리 중... (한글 뜻: 회상)
  ✓ 완료
[183/1135] 至 처리 중... (한글 뜻: 클라이맥스)
  ✓ 완료
[184/1135] 房 처리 중... (한글 뜻: 술장식)
  ✓ 완료
[185/1135] 執 처리 중... (한글 뜻: 끈질긴)
  ✓ 완료
[186/1135] 秀 처리 중... (한글 뜻: 뛰어나다)
  ✓ 완료
[187/1135] 慢 처리 중... (한글 뜻: 조롱)
  ✓ 완료
[188/1135] 華 처리 중... (한글 뜻: 화려함)
  ✓ 완료
[189/1135] 扱 처리 중... (한글 뜻: 핸들)
  ✓ 완료
[190/1135] 徳 처리 중... (한글 뜻: 자비심)
  ✓ 완료
[191/1135] 択 처리 중... (한글 뜻: 선택하다)
  ✓ 완료
[192/1135] 衝 처리 중... (한글 뜻: 충돌하다)
  ✓ 완료
[193/1135] 衆 처리 중... (한글 뜻: 대중)
  ✓ 완료
[194/1135] 偽 처리 중... (한글 뜻: 거짓말)
  ✓ 완료
[195/1135] 幹 처리 중... (한글 뜻: 나무 줄기)
  ✓ 완료
[196/1135] 鬼 처리 중... (한글 뜻: 유령)
  ✓ 완료
[197/1135] 崩 처리 중... (한글 뜻: 부스러기)
  ✓ 완료
[198/1135] 尽 처리 중... (한글 뜻: 배기)
  ✓ 완료
[199/1135] 悔 처리 중... (한글 뜻: 회개하다)
  ✓ 완료
[200/1135] 津 처리 중... (한글 뜻: 피난처)
  ✓ 완료
[201/1135] 侵 처리 중... (한글 뜻: 침해하다)
  ✓ 완료
[202/1135] 宣 처리 중... (한글 뜻: 선언하다)
  ✓ 완료
[203/1135] 稼 처리 중... (한글 뜻: 수익)
  ✓ 완료
[204/1135] 葬 처리 중... (한글 뜻: 매장)
  ✓ 완료
[205/1135] 奇 처리 중... (한글 뜻: 이상한)
  ✓ 완료
[206/1135] 株 처리 중... (한글 뜻: 주식)
  ✓ 완료
[207/1135] 冗 처리 중... (한글 뜻: 여분의)
  ✓ 완료
[208/1135] 宗 처리 중... (한글 뜻: 종교)
  ✓ 완료
[209/1135] 看 처리 중... (한글 뜻: 감시하다)
  ✓ 완료
[210/1135] 穴 처리 중... (한글 뜻: 구멍)
  ✓ 완료
[211/1135] 就 처리 중... (한글 뜻: 관하여)
  ✓ 완료
[212/1135] 節 처리 중... (한글 뜻: 노드)
  ✓ 완료
[213/1135] 締 처리 중... (한글 뜻: 조이다)
  ✓ 완료
[214/1135] 詳 처리 중... (한글 뜻: 상세한)
  ✓ 완료
[215/1135] 輝 처리 중... (한글 뜻: 광휘)
  ✓ 완료
[216/1135] 脚 처리 중... (한글 뜻: 미끄럼 방지 장치)
  ✓ 완료
[217/1135] 拒 처리 중... (한글 뜻: 격퇴하다)
  ✓ 완료
[218/1135] 慮 처리 중... (한글 뜻: 신중함)
  ✓ 완료
[219/1135] 邦 처리 중... (한글 뜻: 모국)
  ✓ 완료
[220/1135] 仮 처리 중... (한글 뜻: 가짜)
  ✓ 완료
[221/1135] 裂 처리 중... (한글 뜻: 쪼개다)
  ✓ 완료
[222/1135] 駄 처리 중... (한글 뜻: 번거로운)
  ✓ 완료
[223/1135] 帝 처리 중... (한글 뜻: 주권자)
  ✓ 완료
[224/1135] 繰 처리 중... (한글 뜻: 구불구불한)
  ✓ 완료
[225/1135] 益 처리 중... (한글 뜻: 혜택)
  ✓ 완료
[226/1135] 耐 처리 중... (한글 뜻: -증명)
  ✓ 완료
[227/1135] 獲 처리 중... (한글 뜻: 잡다)
  ✓ 완료
[228/1135] 拍 처리 중... (한글 뜻: 박수)
  ✓ 완료
[229/1135] 姫 처리 중... (한글 뜻: 공주)
  ✓ 완료
[230/1135] 魅 처리 중... (한글 뜻: 매혹)
  ✓ 완료
[231/1135] 催 처리 중... (한글 뜻: 후원자)
  ✓ 완료
[232/1135] 駆 처리 중... (한글 뜻: 운전하다)
  ✓ 완료
[233/1135] 誠 처리 중... (한글 뜻: 성실)
  ✓ 완료
[234/1135] 勘 처리 중... (한글 뜻: 직관)
  ✓ 완료
[235/1135] 酔 처리 중... (한글 뜻: 취한)
  ✓ 완료
[236/1135] 郷 처리 중... (한글 뜻: 고향)
  ✓ 완료
[237/1135] 恩 처리 중... (한글 뜻: 우아함)
  ✓ 완료
[238/1135] 陣 처리 중... (한글 뜻: 캠프)
  ✓ 완료
[239/1135] 罰 처리 중... (한글 뜻: 페널티)
  ✓ 완료
[240/1135] 索 처리 중... (한글 뜻: 코드)
  ✓ 완료
[241/1135] 裕 처리 중... (한글 뜻: 풍부한)
  ✓ 완료
[242/1135] 慎 처리 중... (한글 뜻: 겸손)
  ✓ 완료
[243/1135] 桜 처리 중... (한글 뜻: 체리)
  ✓ 완료
[244/1135] 揺 처리 중... (한글 뜻: 그네)
  ✓ 완료
[245/1135] 致 처리 중... (한글 뜻: 하다)
  ✓ 완료
[246/1135] 属 처리 중... (한글 뜻: 속하다)
  ✓ 완료
[247/1135] 償 처리 중... (한글 뜻: 보상)
  ✓ 완료
[248/1135] 己 처리 중... (한글 뜻: 자기)
  ✓ 완료
[249/1135] 徹 처리 중... (한글 뜻: 관통하다)
  ✓ 완료
[250/1135] 露 처리 중... (한글 뜻: 이슬)
  ✓ 완료
[251/1135] 剤 처리 중... (한글 뜻: 용량)
  ✓ 완료
[252/1135] 抑 처리 중... (한글 뜻: 억압하다)
  ✓ 완료
[253/1135] 焦 처리 중... (한글 뜻: 문자)
  ✓ 완료
[254/1135] 陛 처리 중... (한글 뜻: 전하)
  ✓ 완료
[255/1135] 獄 처리 중... (한글 뜻: 감옥)
  ✓ 완료
[256/1135] 屈 처리 중... (한글 뜻: 수확량)
  ✓ 완료
[257/1135] 犠 처리 중... (한글 뜻: 희생)
  ✓ 완료
[258/1135] 暇 처리 중... (한글 뜻: 여가 시간)
  ✓ 완료
[259/1135] 融 처리 중... (한글 뜻: 용해하다)
  ✓ 완료
[260/1135] 免 처리 중... (한글 뜻: 변명)
  ✓ 완료
[261/1135] 揮 처리 중... (한글 뜻: 휘두르다)
  ✓ 완료
[262/1135] 忠 처리 중... (한글 뜻: 충성심)
  ✓ 완료
[263/1135] 瀬 처리 중... (한글 뜻: 급류)
  ✓ 완료
[264/1135] 哲 처리 중... (한글 뜻: 철학)
  ✓ 완료
[265/1135] 柄 처리 중... (한글 뜻: 디자인)
  ✓ 완료
[266/1135] 僚 처리 중... (한글 뜻: 동료)
  ✓ 완료
[267/1135] 威 처리 중... (한글 뜻: 위협하다)
  ✓ 완료
[268/1135] 徴 처리 중... (한글 뜻: 징후)
  ✓ 완료
[269/1135] 誇 처리 중... (한글 뜻: 자랑하다)
  ✓ 완료
[270/1135] 飾 처리 중... (한글 뜻: 장식하다)
  ✓ 완료
[271/1135] 炎 처리 중... (한글 뜻: 염증)
  ✓ 완료
[272/1135] 倉 처리 중... (한글 뜻: 창고)
  ✓ 완료
[273/1135] 牲 처리 중... (한글 뜻: 동물 희생)
  ✓ 완료
[274/1135] 奏 처리 중... (한글 뜻: 음악 재생)
  ✓ 완료
[275/1135] 廃 처리 중... (한글 뜻: 폐지하다)
  ✓ 완료
[276/1135] 妊 처리 중... (한글 뜻: 임신)
  ✓ 완료
[277/1135] 維 처리 중... (한글 뜻: 섬유)
  ✓ 완료
[278/1135] 砲 처리 중... (한글 뜻: 대포)
  ✓ 완료
[279/1135] 塚 처리 중... (한글 뜻: 작은 언덕)
  ✓ 완료
[280/1135] 核 처리 중... (한글 뜻: 핵)
  ✓ 완료
[281/1135] 距 처리 중... (한글 뜻: 장거리)
  ✓ 완료
[282/1135] 亜 처리 중... (한글 뜻: 아시아)
  ✓ 완료
[283/1135] 釈 처리 중... (한글 뜻: 설명)
  ✓ 완료
[284/1135] 縁 처리 중... (한글 뜻: 친화성)
  ✓ 완료
[285/1135] 句 처리 중... (한글 뜻: 구절)
  ✓ 완료
[286/1135] 譲 처리 중... (한글 뜻: 연기하다)
  ✓ 완료
[287/1135] 批 처리 중... (한글 뜻: 비판)
  ✓ 완료
[288/1135] 牧 처리 중... (한글 뜻: 번식하다)
  ✓ 완료
[289/1135] 潜 처리 중... (한글 뜻: 잠수시키다)
  ✓ 완료
[290/1135] 撤 처리 중... (한글 뜻: 제거하다)
  ✓ 완료
[291/1135] 献 처리 중... (한글 뜻: 제공)
  ✓ 완료
[292/1135] 称 처리 중... (한글 뜻: 호칭)
  ✓ 완료
[293/1135] 琴 처리 중... (한글 뜻: 하프)
  ✓ 완료
[294/1135] 躍 처리 중... (한글 뜻: 도약)
  ✓ 완료
[295/1135] 削 처리 중... (한글 뜻: 비행기)
  ✓ 완료
[296/1135] 魂 처리 중... (한글 뜻: 영혼)
  ✓ 완료
[297/1135] 酸 처리 중... (한글 뜻: 산)
  ✓ 완료
[298/1135] 析 처리 중... (한글 뜻: 자르다)
  ✓ 완료
[299/1135] 敷 처리 중... (한글 뜻: 퍼지다)
  ✓ 완료
[300/1135] 臨 처리 중... (한글 뜻: 보라)
  ✓ 완료
[301/1135] 仙 처리 중... (한글 뜻: 은둔자)
  ✓ 완료
[302/1135] 災 처리 중... (한글 뜻: 재해)
  ✓ 완료
[303/1135] 却 처리 중... (한글 뜻: 대신에)
  ✓ 완료
[304/1135] 巡 처리 중... (한글 뜻: 순찰)
  ✓ 완료
[305/1135] 縮 처리 중... (한글 뜻: 줄어들다)
  ✓ 완료
[306/1135] 摘 처리 중... (한글 뜻: 꼬집다)
  ✓ 완료
[307/1135] 唯 처리 중... (한글 뜻: 단독으로)
  ✓ 완료
[308/1135] 雷 처리 중... (한글 뜻: 천둥)
  ✓ 완료
[309/1135] 沙 처리 중... (한글 뜻: 모래)
  ✓ 완료
[310/1135] 陰 처리 중... (한글 뜻: 그늘)
  ✓ 완료
[311/1135] 趣 처리 중... (한글 뜻: 의미)
  ✓ 완료
[312/1135] 拡 처리 중... (한글 뜻: 넓히다)
  ✓ 완료
[313/1135] 銭 처리 중... (한글 뜻: 동전)
  ✓ 완료
[314/1135] 妖 처리 중... (한글 뜻: 매력적인)
  ✓ 완료
[315/1135] 透 처리 중... (한글 뜻: 투명한)
  ✓ 완료
[316/1135] 誓 처리 중... (한글 뜻: 맹세)
  ✓ 완료
[317/1135] 盟 처리 중... (한글 뜻: 동맹)
  ✓ 완료
[318/1135] 顧 처리 중... (한글 뜻: 뒤돌아보다)
  ✓ 완료
[319/1135] 腐 처리 중... (한글 뜻: 회전하다)
  ✓ 완료
[320/1135] 豪 처리 중... (한글 뜻: 압도적인)
  ✓ 완료
[321/1135] 寂 처리 중... (한글 뜻: 외로움)
  ✓ 완료
[322/1135] 浦 처리 중... (한글 뜻: 만)
  ✓ 완료
[323/1135] 棄 처리 중... (한글 뜻: 포기하다)
  ✓ 완료
[324/1135] 鎖 처리 중... (한글 뜻: 사슬)
  ✓ 완료
[325/1135] 抵 처리 중... (한글 뜻: 저항하다)
  ✓ 완료
[326/1135] 吐 처리 중... (한글 뜻: 침)
  ✓ 완료
[327/1135] 閣 처리 중... (한글 뜻: 탑)
  ✓ 완료
[328/1135] 豆 처리 중... (한글 뜻: 콩)
  ✓ 완료
[329/1135] 既 처리 중... (한글 뜻: 이전에)
  ✓ 완료
[330/1135] 孤 처리 중... (한글 뜻: 고아)
  ✓ 완료
[331/1135] 冒 처리 중... (한글 뜻: 위험)
  ✓ 완료
[332/1135] 典 처리 중... (한글 뜻: 코드)
  ✓ 완료
[333/1135] 喪 처리 중... (한글 뜻: 그리워하다)
  ✓ 완료
[334/1135] 伏 처리 중... (한글 뜻: 엎드린)
  ✓ 완료
[335/1135] 芝 처리 중... (한글 뜻: 잔디)
  ✓ 완료
[336/1135] 舎 처리 중... (한글 뜻: 오두막)
  ✓ 완료
[337/1135] 遭 처리 중... (한글 뜻: 조우)
  ✓ 완료
[338/1135] 還 처리 중... (한글 뜻: 돌려보내다)
  ✓ 완료
[339/1135] 盤 처리 중... (한글 뜻: 쟁반)
  ✓ 완료
[340/1135] 肝 처리 중... (한글 뜻: 간)
  ✓ 완료
[341/1135] 詩 처리 중... (한글 뜻: 시)
  ✓ 완료
[342/1135] 戒 처리 중... (한글 뜻: 계명)
  ✓ 완료
[343/1135] 誉 처리 중... (한글 뜻: 평판)
  ✓ 완료
[344/1135] 滑 처리 중... (한글 뜻: 미끄러운)
  ✓ 완료
[345/1135] 鏡 처리 중... (한글 뜻: 거울)
  ✓ 완료
[346/1135] 脈 처리 중... (한글 뜻: 정맥)
  ✓ 완료
[347/1135] 梨 처리 중... (한글 뜻: 배나무)
  ✓ 완료
[348/1135] 那 처리 중... (한글 뜻: 뭐?)
  ✓ 완료
[349/1135] 杉 처리 중... (한글 뜻: 삼나무)
  ✓ 완료
[350/1135] 賀 처리 중... (한글 뜻: 축하합니다)
  ✓ 완료
[351/1135] 丁 처리 중... (한글 뜻: 거리)
  ✓ 완료
[352/1135] 控 처리 중... (한글 뜻: 철회하다)
  ✓ 완료
[353/1135] 伴 처리 중... (한글 뜻: 배우자)
  ✓ 완료
[354/1135] 充 처리 중... (한글 뜻: 할당하다)
  ✓ 완료
[355/1135] 賃 처리 중... (한글 뜻: 요금)
  ✓ 완료
[356/1135] 排 처리 중... (한글 뜻: 거부하다)
  ✓ 완료
[357/1135] 飼 처리 중... (한글 뜻: 길들이다)
  ✓ 완료
[358/1135] 臭 처리 중... (한글 뜻: 악취가 나는)
  ✓ 완료
[359/1135] 須 처리 중... (한글 뜻: ~해야 한다)
  ✓ 완료
[360/1135] 鹿 처리 중... (한글 뜻: 사슴)
  ✓ 완료
[361/1135] 微 처리 중... (한글 뜻: 섬세한)
  ✓ 완료
[362/1135] 墓 처리 중... (한글 뜻: 무덤)
  ✓ 완료
[363/1135] 沖 처리 중... (한글 뜻: 열린 바다)
  ✓ 완료
[364/1135] 漏 처리 중... (한글 뜻: 누출)
  ✓ 완료
[365/1135] 鍵 처리 중... (한글 뜻: 열쇠)
  ✓ 완료
[366/1135] 甲 처리 중... (한글 뜻: 갑옷)
  ✓ 완료
[367/1135] 奮 처리 중... (한글 뜻: 휘젓다)
  ✓ 완료
[368/1135] 忍 처리 중... (한글 뜻: 견디다)
  ✓ 완료
[369/1135] 尋 처리 중... (한글 뜻: 문의하다)
  ✓ 완료
[370/1135] 謀 처리 중... (한글 뜻: 공모하다)
  ✓ 완료
[371/1135] 桃 처리 중... (한글 뜻: 복숭아)
  ✓ 완료
[372/1135] 勧 처리 중... (한글 뜻: 설득하다)
  ✓ 완료
[373/1135] 即 처리 중... (한글 뜻: 즉각적인)
  ✓ 완료
[374/1135] 釣 처리 중... (한글 뜻: 낚시)
  ✓ 완료
[375/1135] 刀 처리 중... (한글 뜻: 검)
  ✓ 완료
[376/1135] 揚 처리 중... (한글 뜻: 올리다)
  ✓ 완료
[377/1135] 堅 처리 중... (한글 뜻: 엄격한)
  ✓ 완료
[378/1135] 幻 처리 중... (한글 뜻: 환영)
  ✓ 완료
[379/1135] 郡 처리 중... (한글 뜻: 군)
  ✓ 완료
[380/1135] 菊 처리 중... (한글 뜻: 국화)
  ✓ 완료
[381/1135] 滞 처리 중... (한글 뜻: 정체되다)
  ✓ 완료
[382/1135] 貫 처리 중... (한글 뜻: 꿰뚫다)
  ✓ 완료
[383/1135] 愚 처리 중... (한글 뜻: 어리석은)
  ✓ 완료
[384/1135] 拐 처리 중... (한글 뜻: 납치)
  ✓ 완료
[385/1135] 遂 처리 중... (한글 뜻: 완벽한)
  ✓ 완료
[386/1135] 胞 처리 중... (한글 뜻: 태반)
  ✓ 완료
[387/1135] 騎 처리 중... (한글 뜻: 승마의)
  ✓ 완료
[388/1135] 嫁 처리 중... (한글 뜻: 시집가다 / 장가가다)
  ✓ 완료
[389/1135] 紫 처리 중... (한글 뜻: 보라색)
  ✓ 완료
[390/1135] 嬢 처리 중... (한글 뜻: 여학생)
  ✓ 완료
[391/1135] 斎 처리 중... (한글 뜻: 정화)
  ✓ 완료
[392/1135] 懐 처리 중... (한글 뜻: 감정)
  ✓ 완료
[393/1135] 範 처리 중... (한글 뜻: 패턴)
  ✓ 완료
[394/1135] 弥 처리 중... (한글 뜻: 더욱더)
  ✓ 완료
[395/1135] 憲 처리 중... (한글 뜻: 헌법)
  ✓ 완료
[396/1135] 添 처리 중... (한글 뜻: 합병된)
  ✓ 완료
[397/1135] 亀 처리 중... (한글 뜻: 거북이)
  ✓ 완료
[398/1135] 暑 처리 중... (한글 뜻: 후덥지근한)
  ✓ 완료
[399/1135] 惨 처리 중... (한글 뜻: 비참한)
  ✓ 완료
[400/1135] 娠 처리 중... (한글 뜻: 임신한)
  ✓ 완료
[401/1135] 獣 처리 중... (한글 뜻: 동물)
  ✓ 완료
[402/1135] 陥 처리 중... (한글 뜻: 붕괴)
  ✓ 완료
[403/1135] 狂 처리 중... (한글 뜻: 광인)
  ✓ 완료
[404/1135] 潮 처리 중... (한글 뜻: 조수)
  ✓ 완료
[405/1135] 紛 처리 중... (한글 뜻: 산만하게 하다)
  ✓ 완료
[406/1135] 縄 처리 중... (한글 뜻: 짚으로 만든 밧줄)
  ✓ 완료
[407/1135] 絞 처리 중... (한글 뜻: 교살하다)
  ✓ 완료
[408/1135] 随 처리 중... (한글 뜻: 따르다)
  ✓ 완료
[409/1135] 畑 처리 중... (한글 뜻: 농장)
  ✓ 완료
[410/1135] 班 처리 중... (한글 뜻: 팀)
  ✓ 완료
[411/1135] 糖 처리 중... (한글 뜻: 설탕)
  ✓ 완료
[412/1135] 雰 처리 중... (한글 뜻: 대기)
  ✓ 완료
[413/1135] 斉 처리 중... (한글 뜻: 조정된)
  ✓ 완료
[414/1135] 幽 처리 중... (한글 뜻: 격리하다)
  ✓ 완료
[415/1135] 俳 처리 중... (한글 뜻: 하이쿠)
  ✓ 완료
[416/1135] 紋 처리 중... (한글 뜻: 가문 문장)
  ✓ 완료
[417/1135] 覆 처리 중... (한글 뜻: 전복하다)
  ✓ 완료
[418/1135] 狩 처리 중... (한글 뜻: 사냥하다)
  ✓ 완료
[419/1135] 虎 처리 중... (한글 뜻: 호랑이)
  ✓ 완료
[420/1135] 託 처리 중... (한글 뜻: 위탁하다)
  ✓ 완료
[421/1135] 廷 처리 중... (한글 뜻: 법원)
  ✓ 완료
[422/1135] 狭 처리 중... (한글 뜻: 비좁은)
  ✓ 완료
[423/1135] 穂 처리 중... (한글 뜻: 귀)
  ✓ 완료
[424/1135] 諦 처리 중... (한글 뜻: 진실)
  ✓ 완료
[425/1135] 賊 처리 중... (한글 뜻: 도둑)
  ✓ 완료
[426/1135] 翼 처리 중... (한글 뜻: 날개)
  ✓ 완료
[427/1135] 覧 처리 중... (한글 뜻: 정독)
  ✓ 완료
[428/1135] 酷 처리 중... (한글 뜻: 잔인한)
  ✓ 완료
[429/1135] 敏 처리 중... (한글 뜻: 영리함)
  ✓ 완료
[430/1135] 拘 처리 중... (한글 뜻: 체포)
  ✓ 완료
[431/1135] 慰 처리 중... (한글 뜻: 위안)
  ✓ 완료
[432/1135] 項 처리 중... (한글 뜻: 단락)
  ✓ 완료
[433/1135] 縦 처리 중... (한글 뜻: 수직의)
  ✓ 완료
[434/1135] 渋 처리 중... (한글 뜻: 수렴제)
  ✓ 완료
[435/1135] 眼 처리 중... (한글 뜻: 안구)
  ✓ 완료
[436/1135] 孝 처리 중... (한글 뜻: 효도)
  ✓ 완료
[437/1135] 妃 처리 중... (한글 뜻: 여왕)
  ✓ 완료
[438/1135] 旗 처리 중... (한글 뜻: 국기)
  ✓ 완료
[439/1135] 虐 처리 중... (한글 뜻: 폭정을 일삼다)
  ✓ 완료
[440/1135] 貢 처리 중... (한글 뜻: 공물)
  ✓ 완료
[441/1135] 繁 처리 중... (한글 뜻: 무성한)
  ✓ 완료
[442/1135] 阻 처리 중... (한글 뜻: 좌절시키다)
  ✓ 완료
[443/1135] 麗 처리 중... (한글 뜻: 사랑스러운)
  ✓ 완료
[444/1135] 稿 처리 중... (한글 뜻: 초안)
  ✓ 완료
[445/1135] 匠 처리 중... (한글 뜻: 장인)
  ✓ 완료
[446/1135] 玄 처리 중... (한글 뜻: 신비로운)
  ✓ 완료
[447/1135] 熊 처리 중... (한글 뜻: 곰)
  ✓ 완료
[448/1135] 璧 처리 중... (한글 뜻: 구체)
  ✓ 완료
[449/1135] 堀 처리 중... (한글 뜻: 도랑)
  ✓ 완료
[450/1135] 懲 처리 중... (한글 뜻: 형벌의)
  ✓ 완료
[451/1135] 巣 처리 중... (한글 뜻: 둥지)
  ✓ 완료
[452/1135] 熟 처리 중... (한글 뜻: 부드러운)
  ✓ 완료
[453/1135] 稲 처리 중... (한글 뜻: 벼)
  ✓ 완료
[454/1135] 邸 처리 중... (한글 뜻: 거주지)
  ✓ 완료
[455/1135] 暖 처리 중... (한글 뜻: 따뜻함)
  ✓ 완료
[456/1135] 烈 처리 중... (한글 뜻: 열렬한)
  ✓ 완료
[457/1135] 呪 처리 중... (한글 뜻: 철자)
  ✓ 완료
[458/1135] 遇 처리 중... (한글 뜻: 만나다)
  ✓ 완료
[459/1135] 鑑 처리 중... (한글 뜻: 견본)
  ✓ 완료
[460/1135] 購 처리 중... (한글 뜻: 구독)
  ✓ 완료
[461/1135] 呂 처리 중... (한글 뜻: 척추)
  ✓ 완료
[462/1135] 殊 처리 중... (한글 뜻: 특히)
  ✓ 완료
[463/1135] 彩 처리 중... (한글 뜻: 색칠하기)
  ✓ 완료
[464/1135] 賭 처리 중... (한글 뜻: 도박)
  ✓ 완료
[465/1135] 薦 처리 중... (한글 뜻: 추천하다)
  ✓ 완료
[466/1135] 隔 처리 중... (한글 뜻: 고립시키다)
  ✓ 완료
[467/1135] 唱 처리 중... (한글 뜻: 성가)
  ✓ 완료
[468/1135] 序 처리 중... (한글 뜻: 서문)
  ✓ 완료
[469/1135] 尉 처리 중... (한글 뜻: 군 장교)
  ✓ 완료
[470/1135] 俊 처리 중... (한글 뜻: 현명한)
  ✓ 완료
[471/1135] 柳 처리 중... (한글 뜻: 버드나무)
  ✓ 완료
[472/1135] 凶 처리 중... (한글 뜻: 악당)
  ✓ 완료
[473/1135] 惜 처리 중... (한글 뜻: 연민)
  ✓ 완료
[474/1135] 恨 처리 중... (한글 뜻: 후회)
  ✓ 완료
[475/1135] 倫 처리 중... (한글 뜻: 윤리학)
  ✓ 완료
[476/1135] 泰 처리 중... (한글 뜻: 평화로운)
  ✓ 완료
[477/1135] 仰 처리 중... (한글 뜻: 위로 향한)
  ✓ 완료
[478/1135] 洞 처리 중... (한글 뜻: 덴)
  ✓ 완료
[479/1135] 漫 처리 중... (한글 뜻: 만화)
  ✓ 완료
[480/1135] 胆 처리 중... (한글 뜻: 담낭)
  ✓ 완료
[481/1135] 扉 처리 중... (한글 뜻: 현관문)
  ✓ 완료
[482/1135] 緩 처리 중... (한글 뜻: 느슨하게 하다)
  ✓ 완료
[483/1135] 掲 처리 중... (한글 뜻: 게시하다)
  ✓ 완료
[484/1135] 鋼 처리 중... (한글 뜻: 강철)
  ✓ 완료
[485/1135] 裸 처리 중... (한글 뜻: 벌거벗은)
  ✓ 완료
[486/1135] 噴 처리 중... (한글 뜻: 분출하다)
  ✓ 완료
[487/1135] 芽 처리 중... (한글 뜻: 싹)
  ✓ 완료
[488/1135] 訟 처리 중... (한글 뜻: 소송하다)
  ✓ 완료
[489/1135] 砕 처리 중... (한글 뜻: 부수다)
  ✓ 완료
[490/1135] 叔 처리 중... (한글 뜻: 삼촌)
  ✓ 완료
[491/1135] 茂 처리 중... (한글 뜻: 우거진)
  ✓ 완료
[492/1135] 帳 처리 중... (한글 뜻: 노트북)
  ✓ 완료
[493/1135] 猛 처리 중... (한글 뜻: 사나운)
  ✓ 완료
[494/1135] 欺 처리 중... (한글 뜻: 사기)
  ✓ 완료
[495/1135] 没 처리 중... (한글 뜻: 익사하다)
  ✓ 완료
[496/1135] 網 처리 중... (한글 뜻: 그물치기)
  ✓ 완료
[497/1135] 励 처리 중... (한글 뜻: 격려하다)
  ✓ 완료
[498/1135] 斗 처리 중... (한글 뜻: 북두칠성)
  ✓ 완료
[499/1135] 昭 처리 중... (한글 뜻: 빛나는)
  ✓ 완료
[500/1135] 偵 처리 중... (한글 뜻: 스파이)
  ✓ 완료
[501/1135] 履 처리 중... (한글 뜻: 수행하다)
  ✓ 완료
[502/1135] 豚 처리 중... (한글 뜻: 돼지고기)
  ✓ 완료
[503/1135] 肺 처리 중... (한글 뜻: 폐)
  ✓ 완료
[504/1135] 沿 처리 중... (한글 뜻: 나란히 달리다)
  ✓ 완료
[505/1135] 褒 처리 중... (한글 뜻: 칭찬)
  ✓ 완료
[506/1135] 兼 처리 중... (한글 뜻: 동시에)
  ✓ 완료
[507/1135] 謎 처리 중... (한글 뜻: 수수께끼)
  ✓ 완료
[508/1135] 僧 처리 중... (한글 뜻: 승려)
  ✓ 완료
[509/1135] 潔 처리 중... (한글 뜻: 흠없는)
  ✓ 완료
[510/1135] 桑 처리 중... (한글 뜻: 뽕나무)
  ✓ 완료
[511/1135] 雅 처리 중... (한글 뜻: 우아한)
  ✓ 완료
[512/1135] 飽 처리 중... (한글 뜻: 만족한)
  ✓ 완료
[513/1135] 縛 처리 중... (한글 뜻: 트러스)
  ✓ 완료
[514/1135] 拳 처리 중... (한글 뜻: 주먹)
  ✓ 완료
[515/1135] 跳 처리 중... (한글 뜻: 홉)
  ✓ 완료
[516/1135] 伯 처리 중... (한글 뜻: 주요한)
  ✓ 완료
[517/1135] 晶 처리 중... (한글 뜻: 반짝이다)
  ✓ 완료
[518/1135] 妨 처리 중... (한글 뜻: 방해하다)
  ✓ 완료
[519/1135] 辱 처리 중... (한글 뜻: 당황하게 하다)
  ✓ 완료
[520/1135] 刃 처리 중... (한글 뜻: 칼)
  ✓ 완료
[521/1135] 膨 처리 중... (한글 뜻: 부기)
  ✓ 완료
[522/1135] 嵐 처리 중... (한글 뜻: 폭풍)
  ✓ 완료
[523/1135] 沼 처리 중... (한글 뜻: 습지)
  ✓ 완료
[524/1135] 哀 처리 중... (한글 뜻: 한심한)
  ✓ 완료
[525/1135] 浄 처리 중... (한글 뜻: 깨끗한)
  ✓ 완료
[526/1135] 滝 처리 중... (한글 뜻: 폭포)
  ✓ 완료
[527/1135] 債 처리 중... (한글 뜻: 채권)
  ✓ 완료
[528/1135] 笛 처리 중... (한글 뜻: 플루트)
  ✓ 완료
[529/1135] 穏 처리 중... (한글 뜻: 차분한)
  ✓ 완료
[530/1135] 虚 처리 중... (한글 뜻: 무효)
  ✓ 완료
[531/1135] 后 처리 중... (한글 뜻: 황후)
  ✓ 완료
[532/1135] 憩 처리 중... (한글 뜻: 휴식)
  ✓ 완료
[533/1135] 煮 처리 중... (한글 뜻: 끓이다)
  ✓ 완료
[534/1135] 拓 처리 중... (한글 뜻: 개간하다)
  ✓ 완료
[535/1135] 摩 처리 중... (한글 뜻: 짜증나게 하다)
  ✓ 완료
[536/1135] 睡 처리 중... (한글 뜻: 졸린)
  ✓ 완료
[537/1135] 癒 처리 중... (한글 뜻: 치유)
  ✓ 완료
[538/1135] 朗 처리 중... (한글 뜻: 선율적인)
  ✓ 완료
[539/1135] 菌 처리 중... (한글 뜻: 세균)
  ✓ 완료
[540/1135] 盾 처리 중... (한글 뜻: 방패)
  ✓ 완료
[541/1135] 披 처리 중... (한글 뜻: 노출하다)
  ✓ 완료
[542/1135] 浪 처리 중... (한글 뜻: 방랑하는)
  ✓ 완료
[543/1135] 詐 처리 중... (한글 뜻: 거짓말)
  ✓ 완료
[544/1135] 劣 처리 중... (한글 뜻: 열등감)
  ✓ 완료
[545/1135] 霧 처리 중... (한글 뜻: 안개)
  ✓ 완료
[546/1135] 鶴 처리 중... (한글 뜻: 크레인)
  ✓ 완료
[547/1135] 峰 처리 중... (한글 뜻: 정상회담)
  ✓ 완료
[548/1135] 慈 처리 중... (한글 뜻: 자비)
  ✓ 완료
[549/1135] 蹴 처리 중... (한글 뜻: 발로 차다)
  ✓ 완료
[550/1135] 喚 처리 중... (한글 뜻: 소리치다)
  ✓ 완료
[551/1135] 浸 처리 중... (한글 뜻: 몰두한)
  ✓ 완료
[552/1135] 酬 처리 중... (한글 뜻: 갚다)
  ✓ 완료
[553/1135] 促 처리 중... (한글 뜻: 자극하다)
  ✓ 완료
[554/1135] 寛 처리 중... (한글 뜻: 관대한)
  ✓ 완료
[555/1135] 妥 처리 중... (한글 뜻: 부드러운)
  ✓ 완료
[556/1135] 圏 처리 중... (한글 뜻: 구체)
  ✓ 완료
[557/1135] 卓 처리 중... (한글 뜻: 저명한)
  ✓ 완료
[558/1135] 冠 처리 중... (한글 뜻: 왕관)
  ✓ 완료
[559/1135] 舌 처리 중... (한글 뜻: 혀)
  ✓ 완료
[560/1135] 羅 처리 중... (한글 뜻: 거즈)
  ✓ 완료
[561/1135] 綱 처리 중... (한글 뜻: 홋줄)
  ✓ 완료
[562/1135] 克 처리 중... (한글 뜻: 극복하다)
  ✓ 완료
[563/1135] 梅 처리 중... (한글 뜻: 자두)
  ✓ 완료
[564/1135] 潰 처리 중... (한글 뜻: 크러시)
  ✓ 완료
[565/1135] 縫 처리 중... (한글 뜻: 꿰매다)
  ✓ 완료
[566/1135] 奉 처리 중... (한글 뜻: 준수)
  ✓ 완료
[567/1135] 簿 처리 중... (한글 뜻: 등록하다)
  ✓ 완료
[568/1135] 悠 처리 중... (한글 뜻: 영속성)
  ✓ 완료
[569/1135] 撲 처리 중... (한글 뜻: 때리다)
  ✓ 완료
[570/1135] 隆 처리 중... (한글 뜻: 혹)
  ✓ 완료
[571/1135] 痕 처리 중... (한글 뜻: 표시)
  ✓ 완료
[572/1135] 棚 처리 중... (한글 뜻: 선반)
  ✓ 완료
[573/1135] 枠 처리 중... (한글 뜻: 프레임)
  ✓ 완료
[574/1135] 偏 처리 중... (한글 뜻: 부분적인)
  ✓ 완료
[575/1135] 猿 처리 중... (한글 뜻: 원숭이)
  ✓ 완료
[576/1135] 慌 처리 중... (한글 뜻: 당황한)
  ✓ 완료
[577/1135] 軌 처리 중... (한글 뜻: 고정된 상태)
  ✓ 완료
[578/1135] 鍛 처리 중... (한글 뜻: 위조하다)
  ✓ 완료
[579/1135] 鎮 처리 중... (한글 뜻: 진정시키다)
  ✓ 완료
[580/1135] 覇 처리 중... (한글 뜻: 패권)
  ✓ 완료
[581/1135] 架 처리 중... (한글 뜻: 세우다)
  ✓ 완료
[582/1135] 挨 처리 중... (한글 뜻: 접근하다)
  ✓ 완료
[583/1135] 併 처리 중... (한글 뜻: 가입하다)
  ✓ 완료
[584/1135] 征 처리 중... (한글 뜻: 정복하다)
  ✓ 완료
[585/1135] 蛇 처리 중... (한글 뜻: 뱀)
  ✓ 완료
[586/1135] 牙 처리 중... (한글 뜻: 엄니)
  ✓ 완료
[587/1135] 佳 처리 중... (한글 뜻: 훌륭한)
  ✓ 완료
[588/1135] 寧 처리 중... (한글 뜻: 오히려)
  ✓ 완료
[589/1135] 尚 처리 중... (한글 뜻: 존경)
  ✓ 완료
[590/1135] 塁 처리 중... (한글 뜻: 기지들)
  ✓ 완료
[591/1135] 丘 처리 중... (한글 뜻: 언덕)
  ✓ 완료
[592/1135] 駒 처리 중... (한글 뜻: 조랑말)
  ✓ 완료
[593/1135] 棟 처리 중... (한글 뜻: 마룻대)
  ✓ 완료
[594/1135] 貞 처리 중... (한글 뜻: 똑바로 서 있는)
  ✓ 완료
[595/1135] 錠 처리 중... (한글 뜻: 잠그다)
  ✓ 완료
[596/1135] 鐘 처리 중... (한글 뜻: 벨)
  ✓ 완료
[597/1135] 敢 처리 중... (한글 뜻: 대담한)
  ✓ 완료
[598/1135] 薫 처리 중... (한글 뜻: 향기를 발산하다)
  ✓ 완료
[599/1135] 囚 처리 중... (한글 뜻: 포착된)
  ✓ 완료
[600/1135] 飢 처리 중... (한글 뜻: 배고픈)
  ✓ 완료
[601/1135] 繊 처리 중... (한글 뜻: 날씬한)
  ✓ 완료
[602/1135] 鶏 처리 중... (한글 뜻: 닭)
  ✓ 완료
[603/1135] 需 처리 중... (한글 뜻: 수요)
  ✓ 완료
[604/1135] 概 처리 중... (한글 뜻: 개요)
  ✓ 완료
[605/1135] 稚 처리 중... (한글 뜻: 미성숙한)
  ✓ 완료
[606/1135] 荘 처리 중... (한글 뜻: 빌라)
  ✓ 완료
[607/1135] 漠 처리 중... (한글 뜻: 모호한)
  ✓ 완료
[608/1135] 慶 처리 중... (한글 뜻: 환희)
  ✓ 완료
[609/1135] 殖 처리 중... (한글 뜻: 증강하다)
  ✓ 완료
[610/1135] 尿 처리 중... (한글 뜻: 소변)
  ✓ 완료
[611/1135] 廊 처리 중... (한글 뜻: 복도)
  ✓ 완료
[612/1135] 粋 처리 중... (한글 뜻: 세련된)
  ✓ 완료
[613/1135] 往 처리 중... (한글 뜻: 여정)
  ✓ 완료
[614/1135] 乏 처리 중... (한글 뜻: 빈곤)
  ✓ 완료
[615/1135] 鍋 처리 중... (한글 뜻: 냄비)
  ✓ 완료
[616/1135] 賄 처리 중... (한글 뜻: 뇌물)
  ✓ 완료
[617/1135] 把 처리 중... (한글 뜻: 이해하다)
  ✓ 완료
[618/1135] 鼓 처리 중... (한글 뜻: 드럼)
  ✓ 완료
[619/1135] 嘆 처리 중... (한글 뜻: 한숨)
  ✓ 완료
[620/1135] 眺 처리 중... (한글 뜻: 응시하다)
  ✓ 완료
[621/1135] 是 처리 중... (한글 뜻: 그냥 그렇게)
  ✓ 완료
[622/1135] 寸 처리 중... (한글 뜻: 측정)
  ✓ 완료
[623/1135] 措 처리 중... (한글 뜻: 제외하다)
  ✓ 완료
[624/1135] 墜 처리 중... (한글 뜻: 충돌)
  ✓ 완료
[625/1135] 肥 처리 중... (한글 뜻: 비료)
  ✓ 완료
[626/1135] 羊 처리 중... (한글 뜻: 양)
  ✓ 완료
[627/1135] 炉 처리 중... (한글 뜻: 노벽)
  ✓ 완료
[628/1135] 粧 처리 중... (한글 뜻: 화장품)
  ✓ 완료
[629/1135] 丹 처리 중... (한글 뜻: 녹슨 색의)
  ✓ 완료
[630/1135] 曹 처리 중... (한글 뜻: 사무실)
  ✓ 완료
[631/1135] 彫 처리 중... (한글 뜻: 조각하다)
  ✓ 완료
[632/1135] 秩 처리 중... (한글 뜻: 규칙성)
  ✓ 완료
[633/1135] 旦 처리 중... (한글 뜻: 새벽)
  ✓ 완료
[634/1135] 磁 처리 중... (한글 뜻: 자석)
  ✓ 완료
[635/1135] 漂 처리 중... (한글 뜻: 표류)
  ✓ 완료
[636/1135] 腸 처리 중... (한글 뜻: 장)
  ✓ 완료
[637/1135] 乙 처리 중... (한글 뜻: 후자)
  ✓ 완료
[638/1135] 匂 처리 중... (한글 뜻: 향기로운)
  ✓ 완료
[639/1135] 汁 처리 중... (한글 뜻: 수프)
  ✓ 완료
[640/1135] 腫 처리 중... (한글 뜻: 종양)
  ✓ 완료
[641/1135] 卑 처리 중... (한글 뜻: 천하게)
  ✓ 완료
[642/1135] 較 처리 중... (한글 뜻: 대조)
  ✓ 완료
[643/1135] 祥 처리 중... (한글 뜻: 길조의)
  ✓ 완료
[644/1135] 赦 처리 중... (한글 뜻: 사면)
  ✓ 완료
[645/1135] 粘 처리 중... (한글 뜻: 끈적끈적한)
  ✓ 완료
[646/1135] 奨 처리 중... (한글 뜻: 권하다)
  ✓ 완료
[647/1135] 隷 처리 중... (한글 뜻: 노예)
  ✓ 완료
[648/1135] 垂 처리 중... (한글 뜻: 처지다)
  ✓ 완료
[649/1135] 拶 처리 중... (한글 뜻: 임박하다)
  ✓ 완료
[650/1135] 寮 처리 중... (한글 뜻: 기숙사)
  ✓ 완료
[651/1135] 剰 처리 중... (한글 뜻: 잉여)
  ✓ 완료
[652/1135] 癖 처리 중... (한글 뜻: 매너리즘)
  ✓ 완료
[653/1135] 恒 처리 중... (한글 뜻: 항상성)
  ✓ 완료
[654/1135] 涯 처리 중... (한글 뜻: 수평선)
  ✓ 완료
[655/1135] 厄 처리 중... (한글 뜻: 불운한)
  ✓ 완료
[656/1135] 侮 처리 중... (한글 뜻: 경멸)
  ✓ 완료
[657/1135] 培 처리 중... (한글 뜻: 재배하다)
  ✓ 완료
[658/1135] 曽 처리 중... (한글 뜻: 이전에)
  ✓ 완료
[659/1135] 壇 처리 중... (한글 뜻: 연단)
  ✓ 완료
[660/1135] 芳 처리 중... (한글 뜻: 향수)
  ✓ 완료
[661/1135] 垣 처리 중... (한글 뜻: 울타리)
  ✓ 완료
[662/1135] 銘 처리 중... (한글 뜻: 명각)
  ✓ 완료
[663/1135] 巧 처리 중... (한글 뜻: 능숙한)
  ✓ 완료
[664/1135] 宴 처리 중... (한글 뜻: 연회)
  ✓ 완료
[665/1135] 剛 처리 중... (한글 뜻: 튼튼한)
  ✓ 완료
[666/1135] 徐 처리 중... (한글 뜻: 점진적으로)
  ✓ 완료
[667/1135] 怠 처리 중... (한글 뜻: 무시하다)
  ✓ 완료
[668/1135] 弓 처리 중... (한글 뜻: 활)
  ✓ 완료
[669/1135] 蓄 처리 중... (한글 뜻: 모으다)
  ✓ 완료
[670/1135] 漬 처리 중... (한글 뜻: 피클링)
  ✓ 완료
[671/1135] 穫 처리 중... (한글 뜻: 수확)
  ✓ 완료
[672/1135] 爪 처리 중... (한글 뜻: 발톱)
  ✓ 완료
[673/1135] 泡 처리 중... (한글 뜻: 거품)
  ✓ 완료
[674/1135] 疫 처리 중... (한글 뜻: 전염병)
  ✓ 완료
[675/1135] 凡 처리 중... (한글 뜻: 평범한)
  ✓ 완료
[676/1135] 陳 처리 중... (한글 뜻: 전시하다)
  ✓ 완료
[677/1135] 搭 처리 중... (한글 뜻: 보드)
  ✓ 완료
[678/1135] 頻 처리 중... (한글 뜻: 반복적으로)
  ✓ 완료
[679/1135] 糧 처리 중... (한글 뜻: 규정)
  ✓ 완료
[680/1135] 礎 처리 중... (한글 뜻: 초석)
  ✓ 완료
[681/1135] 啓 처리 중... (한글 뜻: 공개하다)
  ✓ 완료
[682/1135] 謙 처리 중... (한글 뜻: 겸손한)
  ✓ 완료
[683/1135] 扶 처리 중... (한글 뜻: 지원)
  ✓ 완료
[684/1135] 塊 처리 중... (한글 뜻: 흙덩이)
  ✓ 완료
[685/1135] 翻 처리 중... (한글 뜻: 뒤집다)
  ✓ 완료
[686/1135] 彰 처리 중... (한글 뜻: 특허)
  ✓ 완료
[687/1135] 摂 처리 중... (한글 뜻: 대리의)
  ✓ 완료
[688/1135] 恭 처리 중... (한글 뜻: 존중)
  ✓ 완료
[689/1135] 疎 처리 중... (한글 뜻: 소외시키다)
  ✓ 완료
[690/1135] 苗 처리 중... (한글 뜻: 묘목)
  ✓ 완료
[691/1135] 祉 처리 중... (한글 뜻: 복지)
  ✓ 완료
[692/1135] 殻 처리 중... (한글 뜻: 껍질)
  ✓ 완료
[693/1135] 紳 처리 중... (한글 뜻: 폐하)
  ✓ 완료
[694/1135] 膜 처리 중... (한글 뜻: 막)
  ✓ 완료
[695/1135] 径 처리 중... (한글 뜻: 직경)
  ✓ 완료
[696/1135] 虜 처리 중... (한글 뜻: 포로)
  ✓ 완료
[697/1135] 珠 처리 중... (한글 뜻: 진주)
  ✓ 완료
[698/1135] 傘 처리 중... (한글 뜻: 우산)
  ✓ 완료
[699/1135] 嫉 처리 중... (한글 뜻: 질투하는)
  ✓ 완료
[700/1135] 唐 처리 중... (한글 뜻: 당)
  ✓ 완료
[701/1135] 壮 처리 중... (한글 뜻: 견고한)
  ✓ 완료
[702/1135] 侍 처리 중... (한글 뜻: 웨이터)
  ✓ 완료
[703/1135] 暦 처리 중... (한글 뜻: 달력)
  ✓ 완료
[704/1135] 勲 처리 중... (한글 뜻: 공로 있는 행위)
  ✓ 완료
[705/1135] 軸 처리 중... (한글 뜻: 축)
  ✓ 완료
[706/1135] 淡 처리 중... (한글 뜻: 얇은)
  ✓ 완료
[707/1135] 粗 처리 중... (한글 뜻: 거친)
  ✓ 완료
[708/1135] 矛 처리 중... (한글 뜻: 미늘창)
  ✓ 완료
[709/1135] 妬 처리 중... (한글 뜻: 질투하는)
  ✓ 완료
[710/1135] 瞳 처리 중... (한글 뜻: 동공)
  ✓ 완료
[711/1135] 憧 처리 중... (한글 뜻: 갈망하다)
  ✓ 완료
[712/1135] 汽 처리 중... (한글 뜻: 증기)
  ✓ 완료
[713/1135] 閥 처리 중... (한글 뜻: 클리크)
  ✓ 완료
[714/1135] 岳 처리 중... (한글 뜻: 점)
  ✓ 완료
[715/1135] 衰 처리 중... (한글 뜻: 거절하다)
  ✓ 완료
[716/1135] 痴 처리 중... (한글 뜻: 멍청한)
  ✓ 완료
[717/1135] 斜 처리 중... (한글 뜻: 대각선)
  ✓ 완료
[718/1135] 諾 처리 중... (한글 뜻: 동의)
  ✓ 완료
[719/1135] 逸 처리 중... (한글 뜻: 벗어나다)
  ✓ 완료
[720/1135] 拷 처리 중... (한글 뜻: 고문)
  ✓ 완료
[721/1135] 朱 처리 중... (한글 뜻: 주홍색)
  ✓ 완료
[722/1135] 肢 처리 중... (한글 뜻: 팔다리)
  ✓ 완료
[723/1135] 餌 처리 중... (한글 뜻: 음식)
  ✓ 완료
[724/1135] 疾 처리 중... (한글 뜻: 빠르게)
  ✓ 완료
[725/1135] 俗 처리 중... (한글 뜻: 저속한)
  ✓ 완료
[726/1135] 舗 처리 중... (한글 뜻: 상점)
  ✓ 완료
[727/1135] 蛍 처리 중... (한글 뜻: 반딧불이)
  ✓ 완료
[728/1135] 扇 처리 중... (한글 뜻: 팬)
  ✓ 완료
[729/1135] 澄 처리 중... (한글 뜻: 명료함)
  ✓ 완료
[730/1135] 栽 처리 중... (한글 뜻: 플랜테이션)
  ✓ 완료
[731/1135] 搬 처리 중... (한글 뜻: 컨베이어)
  ✓ 완료
[732/1135] 遮 처리 중... (한글 뜻: 가로채다)
  ✓ 완료
[733/1135] 唇 처리 중... (한글 뜻: 입술)
  ✓ 완료
[734/1135] 凝 처리 중... (한글 뜻: 응고하다)
  ✓ 완료
[735/1135] 陪 처리 중... (한글 뜻: 경의)
  ✓ 완료
[736/1135] 葛 처리 중... (한글 뜻: 마)
  ✓ 완료
[737/1135] 妄 처리 중... (한글 뜻: 망상)
  ✓ 완료
[738/1135] 愉 처리 중... (한글 뜻: 즐거움)
  ✓ 완료
[739/1135] 塾 처리 중... (한글 뜻: 학원)
  ✓ 완료
[740/1135] 括 처리 중... (한글 뜻: 고정하다)
  ✓ 완료
[741/1135] 拭 처리 중... (한글 뜻: 닦다)
  ✓ 완료
[742/1135] 傑 처리 중... (한글 뜻: 위대함)
  ✓ 완료
[743/1135] 憂 처리 중... (한글 뜻: 우울함)
  ✓ 완료
[744/1135] 旨 처리 중... (한글 뜻: 맛있는)
  ✓ 완료
[745/1135] 腎 처리 중... (한글 뜻: 신장)
  ✓ 완료
[746/1135] 擁 처리 중... (한글 뜻: 포옹)
  ✓ 완료
[747/1135] 椎 처리 중... (한글 뜻: 친퀘핀)
  ✓ 완료
[748/1135] 醜 처리 중... (한글 뜻: 못생긴)
  ✓ 완료
[749/1135] 塞 처리 중... (한글 뜻: 닫다)
  ✓ 완료
[750/1135] 亭 처리 중... (한글 뜻: 파빌리온)
  ✓ 완료
[751/1135] 如 처리 중... (한글 뜻: 닮음)
  ✓ 완료
[752/1135] 粛 처리 중... (한글 뜻: 엄숙한)
  ✓ 완료
[753/1135] 麺 처리 중... (한글 뜻: 면)
  ✓ 완료
[754/1135] 窮 처리 중... (한글 뜻: 곤궁한)
  ✓ 완료
[755/1135] 猟 처리 중... (한글 뜻: 사냥)
  ✓ 완료
[756/1135] 傍 처리 중... (한글 뜻: 방관자)
  ✓ 완료
[757/1135] 髄 처리 중... (한글 뜻: 골수)
  ✓ 완료
[758/1135] 溝 처리 중... (한글 뜻: 배수로)
  ✓ 완료
[759/1135] 緯 처리 중... (한글 뜻: 수평의)
  ✓ 완료
[760/1135] 隙 처리 중... (한글 뜻: 틈)
  ✓ 완료
[761/1135] 胎 처리 중... (한글 뜻: 자궁)
  ✓ 완료
[762/1135] 錯 처리 중... (한글 뜻: 혼란스러운)
  ✓ 완료
[763/1135] 爵 처리 중... (한글 뜻: 남작)
  ✓ 완료
[764/1135] 懇 처리 중... (한글 뜻: 사교적인)
  ✓ 완료
[765/1135] 艇 처리 중... (한글 뜻: 노 젓는 보트)
  ✓ 완료
[766/1135] 刈 처리 중... (한글 뜻: 수확하다)
  ✓ 완료
[767/1135] 岐 처리 중... (한글 뜻: 갈라지다)
  ✓ 완료
[768/1135] 暫 처리 중... (한글 뜻: 임시로)
  ✓ 완료
[769/1135] 悼 처리 중... (한글 뜻: 애도)
  ✓ 완료
[770/1135] 弦 처리 중... (한글 뜻: 활시위)
  ✓ 완료
[771/1135] 昆 처리 중... (한글 뜻: 후손)
  ✓ 완료
[772/1135] 墨 처리 중... (한글 뜻: 검은 잉크)
  ✓ 완료
[773/1135] 錬 처리 중... (한글 뜻: 템퍼링)
  ✓ 완료
[774/1135] 潤 처리 중... (한글 뜻: 젖은)
  ✓ 완료
[775/1135] 捉 처리 중... (한글 뜻: 잡다)
  ✓ 완료
[776/1135] 抽 처리 중... (한글 뜻: 뽑다)
  ✓ 완료
[777/1135] 鯨 처리 중... (한글 뜻: 고래)
  ✓ 완료
[778/1135] 旬 처리 중... (한글 뜻: 데카메론)
  ✓ 완료
[779/1135] 嗅 처리 중... (한글 뜻: 냄새)
  ✓ 완료
[780/1135] 渇 처리 중... (한글 뜻: 갈증)
  ✓ 완료
[781/1135] 湧 처리 중... (한글 뜻: 끓이다)
  ✓ 완료
[782/1135] 帆 처리 중... (한글 뜻: 항해하다)
  ✓ 완료
[783/1135] 賠 처리 중... (한글 뜻: 보상)
  ✓ 완료
[784/1135] 肪 처리 중... (한글 뜻: 비만의)
  ✓ 완료
[785/1135] 挿 처리 중... (한글 뜻: 삽입)
  ✓ 완료
[786/1135] 掌 처리 중... (한글 뜻: 조작하다)
  ✓ 완료
[787/1135] 枕 처리 중... (한글 뜻: 베개)
  ✓ 완료
[788/1135] 擦 처리 중... (한글 뜻: 강판)
  ✓ 완료
[789/1135] 暁 처리 중... (한글 뜻: 새벽)
  ✓ 완료
[790/1135] 枢 처리 중... (한글 뜻: 힌지)
  ✓ 완료
[791/1135] 崇 처리 중... (한글 뜻: 숭배하다)
  ✓ 완료
[792/1135] 陵 처리 중... (한글 뜻: 영묘)
  ✓ 완료
[793/1135] 鉛 처리 중... (한글 뜻: 리드)
  ✓ 완료
[794/1135] 貼 처리 중... (한글 뜻: 막대기)
  ✓ 완료
[795/1135] 蜂 처리 중... (한글 뜻: 벌)
  ✓ 완료
[796/1135] 酢 처리 중... (한글 뜻: 식초)
  ✓ 완료
[797/1135] 窒 처리 중... (한글 뜻: 막다)
  ✓ 완료
[798/1135] 据 처리 중... (한글 뜻: 설정)
  ✓ 완료
[799/1135] 准 처리 중... (한글 뜻: 준-)
  ✓ 완료
[800/1135] 棋 처리 중... (한글 뜻: 체스 말)
  ✓ 완료
[801/1135] 旋 처리 중... (한글 뜻: 회전)
  ✓ 완료
[802/1135] 股 처리 중... (한글 뜻: 허벅지)
  ✓ 완료
[803/1135] 渦 처리 중... (한글 뜻: 소용돌이)
  ✓ 완료
[804/1135] 椅 처리 중... (한글 뜻: 의자)
  ✓ 완료
[805/1135] 釜 처리 중... (한글 뜻: 주전자)
  ✓ 완료
[806/1135] 錦 처리 중... (한글 뜻: 금직)
  ✓ 완료
[807/1135] 炊 처리 중... (한글 뜻: 요리하다)
  ✓ 완료
[808/1135] 陶 처리 중... (한글 뜻: 도자기)
  ✓ 완료
[809/1135] 踪 처리 중... (한글 뜻: 유해)
  ✓ 완료
[810/1135] 践 처리 중... (한글 뜻: 밟다)
  ✓ 완료
[811/1135] 顕 처리 중... (한글 뜻: 나타나다)
  ✓ 완료
[812/1135] 盲 처리 중... (한글 뜻: 맹인)
  ✓ 완료
[813/1135] 庶 처리 중... (한글 뜻: 평민)
  ✓ 완료
[814/1135] 轄 처리 중... (한글 뜻: 제어)
  ✓ 완료
[815/1135] 騰 처리 중... (한글 뜻: 껑충 뛰기)
  ✓ 완료
[816/1135] 虹 처리 중... (한글 뜻: 무지개)
  ✓ 완료
[817/1135] 宰 처리 중... (한글 뜻: 감독하다)
  ✓ 완료
[818/1135] 柿 처리 중... (한글 뜻: 감)
  ✓ 완료
[819/1135] 碁 처리 중... (한글 뜻: 가다)
  ✓ 완료
[820/1135] 猶 처리 중... (한글 뜻: 게다가)
  ✓ 완료
[821/1135] 堕 처리 중... (한글 뜻: 퇴화하다)
  ✓ 완료
[822/1135] 冥 처리 중... (한글 뜻: 어두운)
  ✓ 완료
[823/1135] 臆 처리 중... (한글 뜻: 소심함)
  ✓ 완료
[824/1135] 又 처리 중... (한글 뜻: 또는 다시)
  ✓ 완료
[825/1135] 溺 처리 중... (한글 뜻: 익사하다)
  ✓ 완료
[826/1135] 槽 처리 중... (한글 뜻: 부가가치세)
  ✓ 완료
[827/1135] 鉢 처리 중... (한글 뜻: 그릇)
  ✓ 완료
[828/1135] 絹 처리 중... (한글 뜻: 비단)
  ✓ 완료
[829/1135] 匿 처리 중... (한글 뜻: 숨다)
  ✓ 완료
[830/1135] 婿 처리 중... (한글 뜻: 신랑)
  ✓ 완료
[831/1135] 鎌 처리 중... (한글 뜻: 낫)
  ✓ 완료
[832/1135] 窟 처리 중... (한글 뜻: 동굴)
  ✓ 완료
[833/1135] 餅 처리 중... (한글 뜻: 모찌 떡)
  ✓ 완료
[834/1135] 痩 처리 중... (한글 뜻: 마르다)
  ✓ 완료
[835/1135] 剖 처리 중... (한글 뜻: 나누다)
  ✓ 완료
[836/1135] 呉 처리 중... (한글 뜻: 주다)
  ✓ 완료
[837/1135] 戚 처리 중... (한글 뜻: 슬퍼하다)
  ✓ 완료
[838/1135] 婆 처리 중... (한글 뜻: 노인 여성)
  ✓ 완료
[839/1135] 孔 처리 중... (한글 뜻: 충치)
  ✓ 완료
[840/1135] 梗 처리 중... (한글 뜻: 대부분)
  ✓ 완료
[841/1135] 睦 처리 중... (한글 뜻: 친밀한)
  ✓ 완료
[842/1135] 窃 처리 중... (한글 뜻: 은밀함)
  ✓ 완료
[843/1135] 戯 처리 중... (한글 뜻: 장난치며 놀다)
  ✓ 완료
[844/1135] 宜 처리 중... (한글 뜻: 감사합니다.)
  ✓ 완료
[845/1135] 堪 처리 중... (한글 뜻: 견디다)
  ✓ 완료
[846/1135] 赴 처리 중... (한글 뜻: 진행하다)
  ✓ 완료
[847/1135] 眉 처리 중... (한글 뜻: 눈썹)
  ✓ 완료
[848/1135] 抹 처리 중... (한글 뜻: 문지르다)
  ✓ 완료
[849/1135] 忌 처리 중... (한글 뜻: 애도)
  ✓ 완료
[850/1135] 迅 처리 중... (한글 뜻: 신속한)
  ✓ 완료
[851/1135] 喝 처리 중... (한글 뜻: 쉰 목소리의)
  ✓ 완료
[852/1135] 蛮 처리 중... (한글 뜻: 야만인)
  ✓ 완료
[853/1135] 喉 처리 중... (한글 뜻: 목)
  ✓ 완료
[854/1135] 拙 처리 중... (한글 뜻: 서투른)
  ✓ 완료
[855/1135] 瘍 처리 중... (한글 뜻: 부기)
  ✓ 완료
[856/1135] 悦 처리 중... (한글 뜻: 황홀감)
  ✓ 완료
[857/1135] 丼 처리 중... (한글 뜻: 그릇)
  ✓ 완료
[858/1135] 朽 처리 중... (한글 뜻: 부패)
  ✓ 완료
[859/1135] 諭 처리 중... (한글 뜻: 꾸짖다)
  ✓ 완료
[860/1135] 逝 처리 중... (한글 뜻: 출발했다)
  ✓ 완료
[861/1135] 唆 처리 중... (한글 뜻: 유혹하다)
  ✓ 완료
[862/1135] 挫 처리 중... (한글 뜻: 크러쉬)
  ✓ 완료
[863/1135] 棺 처리 중... (한글 뜻: 관)
  ✓ 완료
[864/1135] 袖 처리 중... (한글 뜻: 소매)
  ✓ 완료
[865/1135] 埼 처리 중... (한글 뜻: 망토)
  ✓ 완료
[866/1135] 汰 처리 중... (한글 뜻: 세탁)
  ✓ 완료
[867/1135] 胴 처리 중... (한글 뜻: 트렁크)
  ✓ 완료
[868/1135] 酵 처리 중... (한글 뜻: 발효)
  ✓ 완료
[869/1135] 該 처리 중... (한글 뜻: 위에 언급된)
  ✓ 완료
[870/1135] 搾 처리 중... (한글 뜻: 짜다)
  ✓ 완료
[871/1135] 娯 처리 중... (한글 뜻: 레크리에이션)
  ✓ 완료
[872/1135] 欄 처리 중... (한글 뜻: 열)
  ✓ 완료
[873/1135] 郭 처리 중... (한글 뜻: 인클로저)
  ✓ 완료
[874/1135] 盆 처리 중... (한글 뜻: 대야)
  ✓ 완료
[875/1135] 謹 처리 중... (한글 뜻: 신중한)
  ✓ 완료
[876/1135] 詠 처리 중... (한글 뜻: 암송)
  ✓ 완료
[877/1135] 蚊 처리 중... (한글 뜻: 모기)
  ✓ 완료
[878/1135] 穀 처리 중... (한글 뜻: 시리얼)
  ✓ 완료
[879/1135] 蜜 처리 중... (한글 뜻: 꿀)
  ✓ 완료
[880/1135] 帥 처리 중... (한글 뜻: 사령관)
  ✓ 완료
[881/1135] 羨 처리 중... (한글 뜻: 부러운)
  ✓ 완료
[882/1135] 宛 처리 중... (한글 뜻: 주소)
  ✓ 완료
[883/1135] 藍 처리 중... (한글 뜻: 남색)
  ✓ 완료
[884/1135] 稽 처리 중... (한글 뜻: 생각하다)
  ✓ 완료
[885/1135] 礁 처리 중... (한글 뜻: 암초)
  ✓ 완료
[886/1135] 朴 처리 중... (한글 뜻: 원유)
  ✓ 완료
[887/1135] 伐 처리 중... (한글 뜻: 떨어졌다)
  ✓ 완료
[888/1135] 洪 처리 중... (한글 뜻: 홍수)
  ✓ 완료
[889/1135] 詮 처리 중... (한글 뜻: 토론)
  ✓ 완료
[890/1135] 呈 처리 중... (한글 뜻: 디스플레이)
  ✓ 완료
[891/1135] 訂 처리 중... (한글 뜻: 수정하다)
  ✓ 완료
[892/1135] 堤 처리 중... (한글 뜻: 제방)
  ✓ 완료
[893/1135] 循 처리 중... (한글 뜻: 순차적인)
  ✓ 완료
[894/1135] 淑 처리 중... (한글 뜻: 우아한)
  ✓ 완료
[895/1135] 骸 처리 중... (한글 뜻: 뼈)
  ✓ 완료
[896/1135] 媒 처리 중... (한글 뜻: 중재자)
  ✓ 완료
[897/1135] 栓 처리 중... (한글 뜻: 플러그)
  ✓ 완료
[898/1135] 餓 처리 중... (한글 뜻: 굶주리다)
  ✓ 완료
[899/1135] 壌 처리 중... (한글 뜻: 많이)
  ✓ 완료
[900/1135] 崖 처리 중... (한글 뜻: 절벽)
  ✓ 완료
[901/1135] 箸 처리 중... (한글 뜻: 젓가락)
  ✓ 완료
[902/1135] 慕 처리 중... (한글 뜻: 그리워하는)
  ✓ 완료
[903/1135] 篤 처리 중... (한글 뜻: 열렬한)
  ✓ 완료
[904/1135] 蓋 처리 중... (한글 뜻: 덮다)
  ✓ 완료
[905/1135] 膳 처리 중... (한글 뜻: 작은 낮은 테이블)
  ✓ 완료
[906/1135] 藻 처리 중... (한글 뜻: 해초)
  ✓ 완료
[907/1135] 凄 처리 중... (한글 뜻: 불가사의한)
  ✓ 완료
[908/1135] 矯 처리 중... (한글 뜻: 정정하다)
  ✓ 완료
[909/1135] 廉 처리 중... (한글 뜻: 흥정)
  ✓ 완료
[910/1135] 弊 처리 중... (한글 뜻: 남용)
  ✓ 완료
[911/1135] 漆 처리 중... (한글 뜻: 래커)
  ✓ 완료
[912/1135] 姻 처리 중... (한글 뜻: 결혼)
  ✓ 완료
[913/1135] 尼 처리 중... (한글 뜻: 수녀)
  ✓ 완료
[914/1135] 弔 처리 중... (한글 뜻: 애도)
  ✓ 완료
[915/1135] 濁 처리 중... (한글 뜻: 유성의)
  ✓ 완료
[916/1135] 擬 처리 중... (한글 뜻: 흉내내다)
  ✓ 완료
[917/1135] 酪 처리 중... (한글 뜻: 유제품)
  ✓ 완료
[918/1135] 卸 처리 중... (한글 뜻: 도매)
  ✓ 완료
[919/1135] 渓 처리 중... (한글 뜻: 산골짜기 계곡)
  ✓ 완료
[920/1135] 謡 처리 중... (한글 뜻: 노래)
  ✓ 완료
[921/1135] 勃 처리 중... (한글 뜻: 급작스러움)
  ✓ 완료
[922/1135] 滋 처리 중... (한글 뜻: 영양가 있는)
  ✓ 완료
[923/1135] 煩 처리 중... (한글 뜻: 불안)
  ✓ 완료
[924/1135] 憤 처리 중... (한글 뜻: 흥분한)
  ✓ 완료
[925/1135] 幣 처리 중... (한글 뜻: 현금)
  ✓ 완료
[926/1135] 拉 처리 중... (한글 뜻: 라틴어)
  ✓ 완료
[927/1135] 禅 처리 중... (한글 뜻: 젠)
  ✓ 완료
[928/1135] 肖 처리 중... (한글 뜻: 유사성)
  ✓ 완료
[929/1135] 塀 처리 중... (한글 뜻: 울타리)
  ✓ 완료
[930/1135] 賓 처리 중... (한글 뜻: 귀빈)
  ✓ 완료
[931/1135] 瑠 처리 중... (한글 뜻: 청금석)
  ✓ 완료
[932/1135] 俵 처리 중... (한글 뜻: 가방)
  ✓ 완료
[933/1135] 脊 처리 중... (한글 뜻: 위상)
  ✓ 완료
[934/1135] 閲 처리 중... (한글 뜻: 검토)
  ✓ 완료
[935/1135] 譜 처리 중... (한글 뜻: 악보)
  ✓ 완료
[936/1135] 硫 처리 중... (한글 뜻: 황)
  ✓ 완료
[937/1135] 痢 처리 중... (한글 뜻: 설사)
  ✓ 완료
[938/1135] 紺 처리 중... (한글 뜻: 짙은 파란색)
  ✓ 완료
[939/1135] 雌 처리 중... (한글 뜻: 여성의)
  ✓ 완료
[940/1135] 爽 처리 중... (한글 뜻: 상쾌한)
  ✓ 완료
[941/1135] 醒 처리 중... (한글 뜻: 깨어있는)
  ✓ 완료
[942/1135] 潟 처리 중... (한글 뜻: 석호)
  ✓ 완료
[943/1135] 茨 처리 중... (한글 뜻: 가시덤불)
  ✓ 완료
[944/1135] 串 처리 중... (한글 뜻: 침)
  ✓ 완료
[945/1135] 衡 처리 중... (한글 뜻: 평형)
  ✓ 완료
[946/1135] 茎 처리 중... (한글 뜻: 스토킹)
  ✓ 완료
[947/1135] 賂 처리 중... (한글 뜻: 뇌물)
  ✓ 완료
[948/1135] 乞 처리 중... (한글 뜻: 구걸하다)
  ⚠ 乞: API 호출 제한 (429), 5초 대기 후 재시도... (1/3)
  ⚠ 乞: API 호출 제한 (429), 10초 대기 후 재시도... (2/3)
  ✓ 완료
[949/1135] 戴 처리 중... (한글 뜻: ~로 왕관을 씌우다)
  ⚠ 戴: API 호출 제한 (429), 5초 대기 후 재시도... (1/3)
  ⚠ 戴: API 호출 제한 (429), 10초 대기 후 재시도... (2/3)
  ⚠ 戴: API 호출 제한 (429), 15초 대기 후 재시도... (3/3)
  ✓ 완료
[950/1135] 殉 처리 중... (한글 뜻: 순교)
  ⚠ 殉: API 호출 제한 (429), 5초 대기 후 재시도... (1/3)
  ⚠ 殉: API 호출 제한 (429), 10초 대기 후 재시도... (2/3)
  ✓ 완료
[951/1135] 碑 처리 중... (한글 뜻: 묘비)
  ⚠ 碑: API 호출 제한 (429), 5초 대기 후 재시도... (1/3)
  ⚠ 碑: API 호출 제한 (429), 10초 대기 후 재시도... (2/3)
  ⚠ 碑: API 호출 제한 (429), 15초 대기 후 재시도... (3/3)
  ✓ 완료
[952/1135] 坪 처리 중... (한글 뜻: 두 장의 다다미 공간)
  ⚠ 坪: API 호출 제한 (429), 5초 대기 후 재시도... (1/3)
  ⚠ 坪: API 호출 제한 (429), 10초 대기 후 재시도... (2/3)
  ✓ 완료
[953/1135] 峡 처리 중... (한글 뜻: 협곡)
  ⚠ 峡: API 호출 제한 (429), 5초 대기 후 재시도... (1/3)
  ⚠ 峡: API 호출 제한 (429), 10초 대기 후 재시도... (2/3)
  ⚠ 峡: API 호출 제한 (429), 15초 대기 후 재시도... (3/3)
  ✓ 완료
[954/1135] 岬 처리 중... (한글 뜻: 곶)
  ⚠ 岬: API 호출 제한 (429), 5초 대기 후 재시도... (1/3)
  ⚠ 岬: API 호출 제한 (429), 10초 대기 후 재시도... (2/3)
  ✓ 완료
[955/1135] 侶 처리 중... (한글 뜻: 동반자)
  ⚠ 侶: API 호출 제한 (429), 5초 대기 후 재시도... (1/3)
  ⚠ 侶: API 호출 제한 (429), 10초 대기 후 재시도... (2/3)
  ⚠ 侶: API 호출 제한 (429), 15초 대기 후 재시도... (3/3)
  ✓ 완료
[956/1135] 籠 처리 중... (한글 뜻: 바구니)
  ⚠ 籠: API 호출 제한 (429), 5초 대기 후 재시도... (1/3)
  ⚠ 籠: API 호출 제한 (429), 10초 대기 후 재시도... (2/3)
  ✓ 완료
[957/1135] 宵 처리 중... (한글 뜻: 새벽 시간)
  ⚠ 宵: API 호출 제한 (429), 5초 대기 후 재시도... (1/3)
  ⚠ 宵: API 호출 제한 (429), 10초 대기 후 재시도... (2/3)
  ⚠ 宵: API 호출 제한 (429), 15초 대기 후 재시도... (3/3)
  ✓ 완료
[958/1135] 刹 처리 중... (한글 뜻: 사원)
  ⚠ 刹: API 호출 제한 (429), 5초 대기 후 재시도... (1/3)
  ⚠ 刹: API 호출 제한 (429), 10초 대기 후 재시도... (2/3)
  ⚠ 刹: API 호출 제한 (429), 15초 대기 후 재시도... (3/3)
  ✓ 완료
[959/1135] 怨 처리 중... (한글 뜻: 원한)
  ⚠ 怨: API 호출 제한 (429), 5초 대기 후 재시도... (1/3)
  ⚠ 怨: API 호출 제한 (429), 10초 대기 후 재시도... (2/3)
  ✓ 완료
[960/1135] 芋 처리 중... (한글 뜻: 감자)
  ⚠ 芋: API 호출 제한 (429), 5초 대기 후 재시도... (1/3)
  ⚠ 芋: API 호출 제한 (429), 10초 대기 후 재시도... (2/3)
  ⚠ 芋: API 호출 제한 (429), 15초 대기 후 재시도... (3/3)
  ✓ 완료
[961/1135] 繕 처리 중... (한글 뜻: 짜깁기)
  ⚠ 繕: API 호출 제한 (429), 5초 대기 후 재시도... (1/3)
  ⚠ 繕: API 호출 제한 (429), 10초 대기 후 재시도... (2/3)
  ✓ 완료
[962/1135] 屯 처리 중... (한글 뜻: 막사)
  ⚠ 屯: API 호출 제한 (429), 5초 대기 후 재시도... (1/3)
  ⚠ 屯: API 호출 제한 (429), 10초 대기 후 재시도... (2/3)
  ⚠ 屯: API 호출 제한 (429), 15초 대기 후 재시도... (3/3)
  ✓ 완료
[963/1135] 甚 처리 중... (한글 뜻: 엄청나게)
  ⚠ 甚: API 호출 제한 (429), 5초 대기 후 재시도... (1/3)
  ⚠ 甚: API 호출 제한 (429), 10초 대기 후 재시도... (2/3)
  ✓ 완료
[964/1135] 瓦 처리 중... (한글 뜻: 타일)
  ⚠ 瓦: API 호출 제한 (429), 5초 대기 후 재시도... (1/3)
  ⚠ 瓦: API 호출 제한 (429), 10초 대기 후 재시도... (2/3)
  ⚠ 瓦: API 호출 제한 (429), 15초 대기 후 재시도... (3/3)
  ✓ 완료
[965/1135] 醸 처리 중... (한글 뜻: 양조하다)
  ⚠ 醸: API 호출 제한 (429), 5초 대기 후 재시도... (1/3)
  ⚠ 醸: API 호출 제한 (429), 10초 대기 후 재시도... (2/3)
  ⚠ 醸: API 호출 제한 (429), 15초 대기 후 재시도... (3/3)
  ✓ 완료
[966/1135] 吟 처리 중... (한글 뜻: 운문으로 만들다)
  ⚠ 吟: API 호출 제한 (429), 5초 대기 후 재시도... (1/3)
  ⚠ 吟: API 호출 제한 (429), 10초 대기 후 재시도... (2/3)
  ✓ 완료
[967/1135] 藩 처리 중... (한글 뜻: 씨족)
  ⚠ 藩: API 호출 제한 (429), 5초 대기 후 재시도... (1/3)
  ⚠ 藩: API 호출 제한 (429), 10초 대기 후 재시도... (2/3)
  ⚠ 藩: API 호출 제한 (429), 15초 대기 후 재시도... (3/3)
  ✓ 완료
[968/1135] 僅 처리 중... (한글 뜻: 조금)
  ⚠ 僅: API 호출 제한 (429), 5초 대기 후 재시도... (1/3)
  ⚠ 僅: API 호출 제한 (429), 10초 대기 후 재시도... (2/3)
  ✓ 완료
[969/1135] 酎 처리 중... (한글 뜻: 사케)
  ⚠ 酎: API 호출 제한 (429), 5초 대기 후 재시도... (1/3)
  ⚠ 酎: API 호출 제한 (429), 10초 대기 후 재시도... (2/3)
  ⚠ 酎: API 호출 제한 (429), 15초 대기 후 재시도... (3/3)
  ✓ 완료
[970/1135] 薪 처리 중... (한글 뜻: 연료)
  ⚠ 薪: API 호출 제한 (429), 5초 대기 후 재시도... (1/3)
  ⚠ 薪: API 호출 제한 (429), 10초 대기 후 재시도... (2/3)
  ✓ 완료
[971/1135] 斑 처리 중... (한글 뜻: 장소)
  ⚠ 斑: API 호출 제한 (429), 5초 대기 후 재시도... (1/3)
  ⚠ 斑: API 호출 제한 (429), 10초 대기 후 재시도... (2/3)
  ⚠ 斑: API 호출 제한 (429), 15초 대기 후 재시도... (3/3)
  ✓ 완료
[972/1135] 遍 처리 중... (한글 뜻: 도처에)
  ⚠ 遍: API 호출 제한 (429), 5초 대기 후 재시도... (1/3)
  ⚠ 遍: API 호출 제한 (429), 10초 대기 후 재시도... (2/3)
  ✓ 완료
[973/1135] 奔 처리 중... (한글 뜻: 달리다)
  ⚠ 奔: API 호출 제한 (429), 5초 대기 후 재시도... (1/3)
  ⚠ 奔: API 호출 제한 (429), 10초 대기 후 재시도... (2/3)
  ⚠ 奔: API 호출 제한 (429), 15초 대기 후 재시도... (3/3)
  ✓ 완료
[974/1135] 尺 처리 중... (한글 뜻: 샤쿠)
  ⚠ 尺: API 호출 제한 (429), 5초 대기 후 재시도... (1/3)
  ⚠ 尺: API 호출 제한 (429), 10초 대기 후 재시도... (2/3)
  ⚠ 尺: API 호출 제한 (429), 15초 대기 후 재시도... (3/3)
  ✓ 완료
[975/1135] 侯 처리 중... (한글 뜻: 후작)
  ⚠ 侯: API 호출 제한 (429), 5초 대기 후 재시도... (1/3)
  ⚠ 侯: API 호출 제한 (429), 10초 대기 후 재시도... (2/3)
  ✓ 완료
[976/1135] 嚇 처리 중... (한글 뜻: 위협적인)
  ⚠ 嚇: API 호출 제한 (429), 5초 대기 후 재시도... (1/3)
  ⚠ 嚇: API 호출 제한 (429), 10초 대기 후 재시도... (2/3)
  ⚠ 嚇: API 호출 제한 (429), 15초 대기 후 재시도... (3/3)
  ✓ 완료
[977/1135] 腺 처리 중... (한글 뜻: 샘)
  ⚠ 腺: API 호출 제한 (429), 5초 대기 후 재시도... (1/3)
  ⚠ 腺: API 호출 제한 (429), 10초 대기 후 재시도... (2/3)
  ✓ 완료
[978/1135] 罵 처리 중... (한글 뜻: 남용)
  ⚠ 罵: API 호출 제한 (429), 5초 대기 후 재시도... (1/3)
  ⚠ 罵: API 호출 제한 (429), 10초 대기 후 재시도... (2/3)
  ⚠ 罵: API 호출 제한 (429), 15초 대기 후 재시도... (3/3)
  ✓ 완료
[979/1135] 泌 처리 중... (한글 뜻: 스며나오다)
  ⚠ 泌: API 호출 제한 (429), 5초 대기 후 재시도... (1/3)
  ⚠ 泌: API 호출 제한 (429), 10초 대기 후 재시도... (2/3)
  ✓ 완료
[980/1135] 峠 처리 중... (한글 뜻: 산봉우리)
  ⚠ 峠: API 호출 제한 (429), 5초 대기 후 재시도... (1/3)
  ⚠ 峠: API 호출 제한 (429), 10초 대기 후 재시도... (2/3)
  ⚠ 峠: API 호출 제한 (429), 15초 대기 후 재시도... (3/3)
  ✓ 완료
[981/1135] 韻 처리 중... (한글 뜻: 운율)
  ⚠ 韻: API 호출 제한 (429), 5초 대기 후 재시도... (1/3)
  ⚠ 韻: API 호출 제한 (429), 10초 대기 후 재시도... (2/3)
  ✓ 완료
[982/1135] 傲 처리 중... (한글 뜻: 자랑스러워하다)
  ⚠ 傲: API 호출 제한 (429), 5초 대기 후 재시도... (1/3)
  ⚠ 傲: API 호출 제한 (429), 10초 대기 후 재시도... (2/3)
  ⚠ 傲: API 호출 제한 (429), 15초 대기 후 재시도... (3/3)
  ✓ 완료
[983/1135] 媛 처리 중... (한글 뜻: 아름다운 여자)
  ⚠ 媛: API 호출 제한 (429), 5초 대기 후 재시도... (1/3)
  ⚠ 媛: API 호출 제한 (429), 10초 대기 후 재시도... (2/3)
  ⚠ 媛: API 호출 제한 (429), 15초 대기 후 재시도... (3/3)
  ✓ 완료
[984/1135] 唾 처리 중... (한글 뜻: 침)
  ⚠ 唾: API 호출 제한 (429), 5초 대기 후 재시도... (1/3)
  ⚠ 唾: API 호출 제한 (429), 10초 대기 후 재시도... (2/3)
  ✓ 완료
[985/1135] 楼 처리 중... (한글 뜻: 감시탑)
  ⚠ 楼: API 호출 제한 (429), 5초 대기 후 재시도... (1/3)
  ⚠ 楼: API 호출 제한 (429), 10초 대기 후 재시도... (2/3)
  ⚠ 楼: API 호출 제한 (429), 15초 대기 후 재시도... (3/3)
  ✓ 완료
[986/1135] 襟 처리 중... (한글 뜻: 칼라)
  ⚠ 襟: API 호출 제한 (429), 5초 대기 후 재시도... (1/3)
  ⚠ 襟: API 호출 제한 (429), 10초 대기 후 재시도... (2/3)
  ✓ 완료
[987/1135] 巾 처리 중... (한글 뜻: 수건)
  ⚠ 巾: API 호출 제한 (429), 5초 대기 후 재시도... (1/3)
  ⚠ 巾: API 호출 제한 (429), 10초 대기 후 재시도... (2/3)
  ⚠ 巾: API 호출 제한 (429), 15초 대기 후 재시도... (3/3)
  ✓ 완료
[988/1135] 璃 처리 중... (한글 뜻: 유리 같은)
  ⚠ 璃: API 호출 제한 (429), 5초 대기 후 재시도... (1/3)
  ⚠ 璃: API 호출 제한 (429), 10초 대기 후 재시도... (2/3)
  ✓ 완료
[989/1135] 臼 처리 중... (한글 뜻: 박격포)
  ⚠ 臼: API 호출 제한 (429), 5초 대기 후 재시도... (1/3)
  ⚠ 臼: API 호출 제한 (429), 10초 대기 후 재시도... (2/3)
  ⚠ 臼: API 호출 제한 (429), 15초 대기 후 재시도... (3/3)
  ✓ 완료
[990/1135] 逐 처리 중... (한글 뜻: 추구하다)
  ⚠ 逐: API 호출 제한 (429), 5초 대기 후 재시도... (1/3)
  ⚠ 逐: API 호출 제한 (429), 10초 대기 후 재시도... (2/3)
  ✓ 완료
[991/1135] 貌 처리 중... (한글 뜻: 형태)
  ⚠ 貌: API 호출 제한 (429), 5초 대기 후 재시도... (1/3)
  ⚠ 貌: API 호출 제한 (429), 10초 대기 후 재시도... (2/3)
  ⚠ 貌: API 호출 제한 (429), 15초 대기 후 재시도... (3/3)
  ✓ 완료
[992/1135] 蔽 처리 중... (한글 뜻: 덮다)
  ⚠ 蔽: API 호출 제한 (429), 5초 대기 후 재시도... (1/3)
  ⚠ 蔽: API 호출 제한 (429), 10초 대기 후 재시도... (2/3)
  ⚠ 蔽: API 호출 제한 (429), 15초 대기 후 재시도... (3/3)
  ✓ 완료
[993/1135] 坑 처리 중... (한글 뜻: 구덩이)
  ⚠ 坑: API 호출 제한 (429), 5초 대기 후 재시도... (1/3)
  ⚠ 坑: API 호출 제한 (429), 10초 대기 후 재시도... (2/3)
  ✓ 완료
[994/1135] 賜 처리 중... (한글 뜻: 부여하다)
  ⚠ 賜: API 호출 제한 (429), 5초 대기 후 재시도... (1/3)
  ⚠ 賜: API 호출 제한 (429), 10초 대기 후 재시도... (2/3)
  ⚠ 賜: API 호출 제한 (429), 15초 대기 후 재시도... (3/3)
  ✓ 완료
[995/1135] 桁 처리 중... (한글 뜻: 빔)
  ⚠ 桁: API 호출 제한 (429), 5초 대기 후 재시도... (1/3)
  ⚠ 桁: API 호출 제한 (429), 10초 대기 후 재시도... (2/3)
  ✓ 완료
[996/1135] 慨 처리 중... (한글 뜻: 진실)
  ⚠ 慨: API 호출 제한 (429), 5초 대기 후 재시도... (1/3)
  ⚠ 慨: API 호출 제한 (429), 10초 대기 후 재시도... (2/3)
  ⚠ 慨: API 호출 제한 (429), 15초 대기 후 재시도... (3/3)
  ✓ 완료
[997/1135] 舷 처리 중... (한글 뜻: 건월)
  ⚠ 舷: API 호출 제한 (429), 5초 대기 후 재시도... (1/3)
  ⚠ 舷: API 호출 제한 (429), 10초 대기 후 재시도... (2/3)
  ✓ 완료
[998/1135] 蔑 처리 중... (한글 뜻: 무시하다)
  ⚠ 蔑: API 호출 제한 (429), 5초 대기 후 재시도... (1/3)
  ⚠ 蔑: API 호출 제한 (429), 10초 대기 후 재시도... (2/3)
  ⚠ 蔑: API 호출 제한 (429), 15초 대기 후 재시도... (3/3)
  ✓ 완료
[999/1135] 昧 처리 중... (한글 뜻: 어두운)
  ⚠ 昧: API 호출 제한 (429), 5초 대기 후 재시도... (1/3)
  ⚠ 昧: API 호출 제한 (429), 10초 대기 후 재시도... (2/3)
  ⚠ 昧: API 호출 제한 (429), 15초 대기 후 재시도... (3/3)
  ✓ 완료
[1000/1135] 耗 처리 중... (한글 뜻: 감소)
  ⚠ 耗: API 호출 제한 (429), 5초 대기 후 재시도... (1/3)
  ⚠ 耗: API 호출 제한 (429), 10초 대기 후 재시도... (2/3)
  ✓ 완료
[1001/1135] 芯 처리 중... (한글 뜻: 심지)
  ⚠ 芯: API 호출 제한 (429), 5초 대기 후 재시도... (1/3)
  ⚠ 芯: API 호출 제한 (429), 10초 대기 후 재시도... (2/3)
  ✓ 완료
[1002/1135] 嗣 처리 중... (한글 뜻: 상속인)
  ✓ 완료
[1003/1135] 柵 처리 중... (한글 뜻: 목책)
  ✓ 완료
[1004/1135] 硝 처리 중... (한글 뜻: 질산염)
  ✓ 완료
[1005/1135] 弄 처리 중... (한글 뜻: 함께 놀다)
  ✓ 완료
[1006/1135] 享 처리 중... (한글 뜻: 즐기다)
  ✓ 완료
[1007/1135] 繭 처리 중... (한글 뜻: 고치)
  ⚠ 繭: API 호출 제한 (429), 5초 대기 후 재시도... (1/3)
  ✓ 완료
[1008/1135] 煎 처리 중... (한글 뜻: 굽다)
  ✓ 완료
[1009/1135] 箇 처리 중... (한글 뜻: 편 기사)
  ✓ 완료
[1010/1135] 勾 처리 중... (한글 뜻: 구부러지다)
  ✓ 완료
[1011/1135] 勅 처리 중... (한글 뜻: 제국 명령)
  ⚠ 勅: API 호출 제한 (429), 5초 대기 후 재시도... (1/3)
  ✓ 완료
[1012/1135] 憾 처리 중... (한글 뜻: 후회)
  ✓ 완료
[1013/1135] 倣 처리 중... (한글 뜻: 모방하다)
  ✓ 완료
[1014/1135] 鬱 처리 중... (한글 뜻: 우울)
  ✓ 완료
[1015/1135] 唄 처리 중... (한글 뜻: 노래)
  ⚠ 唄: API 호출 제한 (429), 5초 대기 후 재시도... (1/3)
  ✓ 완료
[1016/1135] 淫 처리 중... (한글 뜻: 음란함)
  ✓ 완료
[1017/1135] 紡 처리 중... (한글 뜻: 회전)
  ✓ 완료
[1018/1135] 愁 처리 중... (한글 뜻: 고통)
  ⚠ 愁: API 호출 제한 (429), 5초 대기 후 재시도... (1/3)
  ✓ 완료
[1019/1135] 朕 처리 중... (한글 뜻: 위엄 있는 복수)
  ✓ 완료
[1020/1135] 糾 처리 중... (한글 뜻: 비틀다)
  ✓ 완료
[1021/1135] 遷 처리 중... (한글 뜻: 전환)
  ✓ 완료
[1022/1135] 禍 처리 중... (한글 뜻: 재난)
  ⚠ 禍: API 호출 제한 (429), 5초 대기 후 재시도... (1/3)
  ✓ 완료
[1023/1135] 旺 처리 중... (한글 뜻: 번영하는)
  ✓ 완료
[1024/1135] 栃 처리 중... (한글 뜻: 마로니에)
  ✓ 완료
[1025/1135] 箋 처리 중... (한글 뜻: 종이)
  ✓ 완료
[1026/1135] 吏 처리 중... (한글 뜻: 장교)
  ⚠ 吏: API 호출 제한 (429), 5초 대기 후 재시도... (1/3)
  ✓ 완료
[1027/1135] 桟 처리 중... (한글 뜻: 비계)
  ✓ 완료
[1028/1135] 玩 처리 중... (한글 뜻: 놀이)
  ✓ 완료
[1029/1135] 遜 처리 중... (한글 뜻: 겸손한)
  ⚠ 遜: API 호출 제한 (429), 5초 대기 후 재시도... (1/3)
  ✓ 완료
[1030/1135] 酌 처리 중... (한글 뜻: 바텐딩)
  ✓ 완료
[1031/1135] 霜 처리 중... (한글 뜻: 서리)
  ✓ 완료
[1032/1135] 哺 처리 중... (한글 뜻: 간호사)
  ✓ 완료
[1033/1135] 瞭 처리 중... (한글 뜻: 맑은)
  ⚠ 瞭: API 호출 제한 (429), 5초 대기 후 재시도... (1/3)
  ✓ 완료
[1034/1135] 叙 처리 중... (한글 뜻: 수여하다)
  ✓ 완료
[1035/1135] 舶 처리 중... (한글 뜻: 라이너)
  ✓ 완료
[1036/1135] 畿 처리 중... (한글 뜻: 수도)
  ✓ 완료
[1037/1135] 謁 처리 중... (한글 뜻: 청중)
  ⚠ 謁: API 호출 제한 (429), 5초 대기 후 재시도... (1/3)
  ✓ 완료
[1038/1135] 累 처리 중... (한글 뜻: 축적하다)
  ✓ 완료
[1039/1135] 采 처리 중... (한글 뜻: 주사위)
  ✓ 완료
[1040/1135] 冶 처리 중... (한글 뜻: 녹는)
  ⚠ 冶: API 호출 제한 (429), 5초 대기 후 재시도... (1/3)
  ✓ 완료
[1041/1135] 曖 처리 중... (한글 뜻: 어두운)
  ✓ 완료
[1042/1135] 惧 처리 중... (한글 뜻: 두려움)
  ✓ 완료
[1043/1135] 綻 처리 중... (한글 뜻: 임대되다)
  ✓ 완료
[1044/1135] 裾 처리 중... (한글 뜻: 소매)
  ⚠ 裾: API 호출 제한 (429), 5초 대기 후 재시도... (1/3)
  ✓ 완료
[1045/1135] 某 처리 중... (한글 뜻: 아무개)
  ✓ 완료
[1046/1135] 阜 처리 중... (한글 뜻: 언덕)
  ✓ 완료
[1047/1135] 頓 처리 중... (한글 뜻: 갑자기)
  ✓ 완료
[1048/1135] 俸 처리 중... (한글 뜻: 봉급)
  ⚠ 俸: API 호출 제한 (429), 5초 대기 후 재시도... (1/3)
  ✓ 완료
[1049/1135] 喩 처리 중... (한글 뜻: 은유)
  ✓ 완료
[1050/1135] 惰 처리 중... (한글 뜻: 게으른)
  ✓ 완료
[1051/1135] 閑 처리 중... (한글 뜻: 여가)
  ⚠ 閑: API 호출 제한 (429), 5초 대기 후 재시도... (1/3)
  ✓ 완료
[1052/1135] 肘 처리 중... (한글 뜻: 팔꿈치)
  ✓ 완료
[1053/1135] 窯 처리 중... (한글 뜻: 가마)
  ✓ 완료
[1054/1135] 苛 처리 중... (한글 뜻: 고문)
  ✓ 완료
[1055/1135] 寡 처리 중... (한글 뜻: 과부)
  ⚠ 寡: API 호출 제한 (429), 5초 대기 후 재시도... (1/3)
  ✓ 완료
[1056/1135] 捻 처리 중... (한글 뜻: 회전)
  ✓ 완료
[1057/1135] 褐 처리 중... (한글 뜻: 갈색)
  ✓ 완료
[1058/1135] 遡 처리 중... (한글 뜻: 상류로 가다)
  ✓ 완료
[1059/1135] 堆 처리 중... (한글 뜻: 높게 쌓인)
  ⚠ 堆: API 호출 제한 (429), 5초 대기 후 재시도... (1/3)
  ✓ 완료
[1060/1135] 顎 처리 중... (한글 뜻: 턱)
  ✓ 완료
[1061/1135] 畔 처리 중... (한글 뜻: 벼 능선)
  ✓ 완료
[1062/1135] 諮 처리 중... (한글 뜻: 상담하다)
  ⚠ 諮: API 호출 제한 (429), 5초 대기 후 재시도... (1/3)
  ✓ 완료
[1063/1135] 璽 처리 중... (한글 뜻: 황제의 인장)
  ✓ 완료
[1064/1135] 翁 처리 중... (한글 뜻: 존경할 만한 노인)
  ✓ 완료
[1065/1135] 儒 처리 중... (한글 뜻: 유교의)
  ✓ 완료
[1066/1135] 艶 처리 중... (한글 뜻: 광택 있는)
  ⚠ 艶: API 호출 제한 (429), 5초 대기 후 재시도... (1/3)
  ✓ 완료
[1067/1135] 斥 처리 중... (한글 뜻: 거부하다)
  ✓ 완료
[1068/1135] 貪 처리 중... (한글 뜻: 탐내다)
  ✓ 완료
[1069/1135] 墳 처리 중... (한글 뜻: 무덤)
  ✓ 완료
[1070/1135] 萎 처리 중... (한글 뜻: 시들다)
  ⚠ 萎: API 호출 제한 (429), 5초 대기 후 재시도... (1/3)
  ✓ 완료
[1071/1135] 附 처리 중... (한글 뜻: 부착된)
  ✓ 완료
[1072/1135] 罷 처리 중... (한글 뜻: 그만두다)
  ✓ 완료
[1073/1135] 劾 처리 중... (한글 뜻: 비난)
  ⚠ 劾: API 호출 제한 (429), 5초 대기 후 재시도... (1/3)
  ✓ 완료
[1074/1135] 畏 처리 중... (한글 뜻: 두려움)
  ✓ 완료
[1075/1135] 鋳 처리 중... (한글 뜻: 캐스팅)
  ✓ 완료
[1076/1135] 捗 처리 중... (한글 뜻: 진전을 이루다)
  ✓ 완료
[1077/1135] 詔 처리 중... (한글 뜻: 칙령)
  ⚠ 詔: API 호출 제한 (429), 5초 대기 후 재시도... (1/3)
  ✓ 완료
[1078/1135] 辣 처리 중... (한글 뜻: 톡 쏘는)
  ✓ 완료
[1079/1135] 租 처리 중... (한글 뜻: 관세)
  ✓ 완료
[1080/1135] 沃 처리 중... (한글 뜻: 다산성)
  ✓ 완료
[1081/1135] 升 처리 중... (한글 뜻: 측정 상자)
  ⚠ 升: API 호출 제한 (429), 5초 대기 후 재시도... (1/3)
  ✓ 완료
[1082/1135] 摯 처리 중... (한글 뜻: 선물)
  ✓ 완료
[1083/1135] 厘 처리 중... (한글 뜻: 린)
  ✓ 완료
[1084/1135] 咽 처리 중... (한글 뜻: 목)
  ✓ 완료
[1085/1135] 毀 처리 중... (한글 뜻: 깨다)
  ⚠ 毀: API 호출 제한 (429), 5초 대기 후 재시도... (1/3)
  ✓ 완료
[1086/1135] 庸 처리 중... (한글 뜻: 흔한)
  ✓ 완료
[1087/1135] 緻 처리 중... (한글 뜻: 고운)
  ✓ 완료
[1088/1135] 嫡 처리 중... (한글 뜻: 적법한 아내)
  ⚠ 嫡: API 호출 제한 (429), 5초 대기 후 재시도... (1/3)
  ✓ 완료
[1089/1135] 訃 처리 중... (한글 뜻: 부고)
  ✓ 완료
[1090/1135] 伎 처리 중... (한글 뜻: 증서)
  ✓ 완료
[1091/1135] 詣 처리 중... (한글 뜻: 사원을 방문하다)
  ✓ 완료
[1092/1135] 麓 처리 중... (한글 뜻: 산기슭)
  ⚠ 麓: API 호출 제한 (429), 5초 대기 후 재시도... (1/3)
  ✓ 완료
[1093/1135] 痘 처리 중... (한글 뜻: 폭스)
  ✓ 완료
[1094/1135] 嘲 처리 중... (한글 뜻: 조롱)
  ✓ 완료
[1095/1135] 倹 처리 중... (한글 뜻: 검소한)
  ✓ 완료
[1096/1135] 款 처리 중... (한글 뜻: 호의)
  ⚠ 款: API 호출 제한 (429), 5초 대기 후 재시도... (1/3)
  ✓ 완료
[1097/1135] 汎 처리 중... (한글 뜻: 팬)
  ✓ 완료
[1098/1135] 弐 처리 중... (한글 뜻: II)
  ✓ 완료
[1099/1135] 弧 처리 중... (한글 뜻: 호弧)
  ⚠ 弧: API 호출 제한 (429), 5초 대기 후 재시도... (1/3)
  ✓ 완료
[1100/1135] 嘱 처리 중... (한글 뜻: 위임하다)
  ✓ 완료
[1101/1135] 賦 처리 중... (한글 뜻: 부과하다)
  ✓ 완료
[1102/1135] 迭 처리 중... (한글 뜻: 이전)
  ✓ 완료
[1103/1135] 羞 처리 중... (한글 뜻: 부끄러워하다)
  ⚠ 羞: API 호출 제한 (429), 5초 대기 후 재시도... (1/3)
  ✓ 완료
[1104/1135] 凹 처리 중... (한글 뜻: 오목한)
  ✓ 완료
[1105/1135] 濫 처리 중... (한글 뜻: 과도한)
  ✓ 완료
[1106/1135] 氾 처리 중... (한글 뜻: 퍼지다)
  ✓ 완료
[1107/1135] 凸 처리 중... (한글 뜻: 볼록한)
  ⚠ 凸: API 호출 제한 (429), 5초 대기 후 재시도... (1/3)
  ✓ 완료
[1108/1135] 衷 처리 중... (한글 뜻: 가장 깊은)
  ✓ 완료
[1109/1135] 慄 처리 중... (한글 뜻: 두려움)
  ✓ 완료
[1110/1135] 遵 처리 중... (한글 뜻: 준수하다)
  ⚠ 遵: API 호출 제한 (429), 5초 대기 후 재시도... (1/3)
  ✓ 완료
[1111/1135] 蚕 처리 중... (한글 뜻: 누에)
  ✓ 완료
[1112/1135] 剝 처리 중... (한글 뜻: 벗어나다)
  ✓ 완료
[1113/1135] 彙 처리 중... (한글 뜻: 같은 종류)
  ✓ 완료
[1114/1135] 斤 처리 중... (한글 뜻: 도끼)
  ⚠ 斤: API 호출 제한 (429), 5초 대기 후 재시도... (1/3)
  ✓ 완료
[1115/1135] 壱 처리 중... (한글 뜻: 일자)
  ✓ 완료
[1116/1135] 丙 처리 중... (한글 뜻: 삼등급)
  ✓ 완료
[1117/1135] 但 처리 중... (한글 뜻: 그러나)
  ✓ 완료
[1118/1135] 錮 처리 중... (한글 뜻: 감금)
  ⚠ 錮: API 호출 제한 (429), 5초 대기 후 재시도... (1/3)
  ✓ 완료
[1119/1135] 謄 처리 중... (한글 뜻: 등사기)
  ✓ 완료
[1120/1135] 墾 처리 중... (한글 뜻: 획기적인)
  ✓ 완료
[1121/1135] 逓 처리 중... (한글 뜻: 중계)
  ⚠ 逓: API 호출 제한 (429), 5초 대기 후 재시도... (1/3)
  ✓ 완료
[1122/1135] 抄 처리 중... (한글 뜻: 추출하다)
  ✓ 완료
[1123/1135] 且 처리 중... (한글 뜻: 게다가)
  ✓ 완료
[1124/1135] 塑 처리 중... (한글 뜻: 모델)
  ✓ 완료
[1125/1135] 虞 처리 중... (한글 뜻: 두려움)
  ⚠ 虞: API 호출 제한 (429), 5초 대기 후 재시도... (1/3)
  ✓ 완료
[1126/1135] 恣 처리 중... (한글 뜻: 이기적인)
  ✓ 완료
[1127/1135] 漸 처리 중... (한글 뜻: 꾸준히)
  ✓ 완료
[1128/1135] 畝 처리 중... (한글 뜻: 고랑)
  ✓ 완료
[1129/1135] 塡 처리 중... (한글 뜻: 채우기)
  ⚠ 塡: API 호출 제한 (429), 5초 대기 후 재시도... (1/3)
  ✓ 완료
[1130/1135] 楷 처리 중... (한글 뜻: 사각 문자 스타일)
  ✓ 완료
[1131/1135] 頒 처리 중... (한글 뜻: 배포하다)
  ✓ 완료
[1132/1135] 頰 처리 중... (한글 뜻: 뺨)
  ⚠ 頰: API 호출 제한 (429), 5초 대기 후 재시도... (1/3)
  ✓ 완료
[1133/1135] 憬 처리 중... (한글 뜻: 갈망하다)
  ✓ 완료
[1134/1135] 諧 처리 중... (한글 뜻: 조화)
  ✓ 완료
[1135/1135] 𠮟 처리 중... (한글 뜻: 꾸짖다)
  ✓ 완료

✅ 파일 생성 완료!
   성공: 1135개
   실패: 0개
   총: 1135개

생성된 파일: /Users/mcd.mac-pro14/project/jlpt-plus-app/data/kanji/n1.ts
